<?xml version="1.0" encoding="UTF-8"?>
<testng-results ignored="0" total="7" passed="7" failed="0" skipped="0">
  <reporter-output>
  </reporter-output>
  <suite started-at="2025-02-03T23:49:35 CET" name="SmokeTest" finished-at="2025-02-03T23:50:00 CET" duration-ms="24403">
    <groups>
      <group name="smoke">
        <method signature="T1_Authorization_Availability.t1_1_Url_Availability()[pri:0, instance:SmokeTestCase.T1_Authorization_Availability@4229bb3f]" name="t1_1_Url_Availability" class="SmokeTestCase.T1_Authorization_Availability"/>
        <method signature="T1_Authorization_Availability.t1_2_Url_Refresh()[pri:0, instance:SmokeTestCase.T1_Authorization_Availability@4229bb3f]" name="t1_2_Url_Refresh" class="SmokeTestCase.T1_Authorization_Availability"/>
        <method signature="T2_Authorization.t2_1_Incorrect_Credentials()[pri:0, instance:SmokeTestCase.T2_Authorization@35aea049]" name="t2_1_Incorrect_Credentials" class="SmokeTestCase.T2_Authorization"/>
        <method signature="T2_Authorization.t2_2_Incorrect_Login()[pri:0, instance:SmokeTestCase.T2_Authorization@35aea049]" name="t2_2_Incorrect_Login" class="SmokeTestCase.T2_Authorization"/>
        <method signature="T2_Authorization.t2_3_Incorrect_Password()[pri:0, instance:SmokeTestCase.T2_Authorization@35aea049]" name="t2_3_Incorrect_Password" class="SmokeTestCase.T2_Authorization"/>
        <method signature="T2_Authorization.t2_4_Correct_Credentials()[pri:0, instance:SmokeTestCase.T2_Authorization@35aea049]" name="t2_4_Correct_Credentials" class="SmokeTestCase.T2_Authorization"/>
        <method signature="T3_Generator.t3_1_Generation_Schem()[pri:0, instance:SmokeTestCase.T3_Generator@47987356]" name="t3_1_Generation_Schem" class="SmokeTestCase.T3_Generator"/>
      </group> <!-- smoke -->
      <group name="speed">
        <method signature="T1_Authorization_Availability.t1_1_Url_Availability()[pri:0, instance:SmokeTestCase.T1_Authorization_Availability@4229bb3f]" name="t1_1_Url_Availability" class="SmokeTestCase.T1_Authorization_Availability"/>
        <method signature="T2_Authorization.t2_4_Correct_Credentials()[pri:0, instance:SmokeTestCase.T2_Authorization@35aea049]" name="t2_4_Correct_Credentials" class="SmokeTestCase.T2_Authorization"/>
      </group> <!-- speed -->
    </groups>
    <test started-at="2025-02-03T23:49:35 CET" name="Smoke Group" finished-at="2025-02-03T23:50:00 CET" duration-ms="24403">
      <class name="SmokeTestCase.T1_Authorization_Availability">
        <test-method is-config="true" signature="setUp()[pri:0, instance:SmokeTestCase.T1_Authorization_Availability@4229bb3f]" started-at="2025-02-03T23:49:34 CET" name="setUp" finished-at="2025-02-03T23:49:35 CET" duration-ms="1231" status="PASS">
          <reporter-output>
          </reporter-output>
        </test-method> <!-- setUp -->
        <test-method signature="t1_1_Url_Availability()[pri:0, instance:SmokeTestCase.T1_Authorization_Availability@4229bb3f]" started-at="2025-02-03T23:49:35 CET" name="t1_1_Url_Availability" finished-at="2025-02-03T23:49:39 CET" duration-ms="3382" status="PASS">
          <reporter-output>
          </reporter-output>
        </test-method> <!-- t1_1_Url_Availability -->
        <test-method signature="t1_2_Url_Refresh()[pri:0, instance:SmokeTestCase.T1_Authorization_Availability@4229bb3f]" started-at="2025-02-03T23:49:39 CET" name="t1_2_Url_Refresh" finished-at="2025-02-03T23:49:41 CET" duration-ms="2314" status="PASS">
          <reporter-output>
          </reporter-output>
        </test-method> <!-- t1_2_Url_Refresh -->
      </class> <!-- SmokeTestCase.T1_Authorization_Availability -->
      <class name="SmokeTestCase.T2_Authorization">
        <test-method is-config="true" signature="setUp()[pri:0, instance:SmokeTestCase.T2_Authorization@35aea049]" started-at="2025-02-03T23:49:35 CET" name="setUp" finished-at="2025-02-03T23:49:35 CET" duration-ms="0" status="PASS">
          <reporter-output>
          </reporter-output>
        </test-method> <!-- setUp -->
        <test-method signature="t2_1_Incorrect_Credentials()[pri:0, instance:SmokeTestCase.T2_Authorization@35aea049]" started-at="2025-02-03T23:49:41 CET" name="t2_1_Incorrect_Credentials" finished-at="2025-02-03T23:49:42 CET" duration-ms="1200" status="PASS">
          <reporter-output>
          </reporter-output>
        </test-method> <!-- t2_1_Incorrect_Credentials -->
        <test-method signature="t2_2_Incorrect_Login()[pri:0, instance:SmokeTestCase.T2_Authorization@35aea049]" started-at="2025-02-03T23:49:42 CET" name="t2_2_Incorrect_Login" finished-at="2025-02-03T23:49:45 CET" duration-ms="3256" status="PASS">
          <reporter-output>
          </reporter-output>
        </test-method> <!-- t2_2_Incorrect_Login -->
        <test-method signature="t2_3_Incorrect_Password()[pri:0, instance:SmokeTestCase.T2_Authorization@35aea049]" started-at="2025-02-03T23:49:45 CET" name="t2_3_Incorrect_Password" finished-at="2025-02-03T23:49:49 CET" duration-ms="3450" status="PASS">
          <reporter-output>
          </reporter-output>
        </test-method> <!-- t2_3_Incorrect_Password -->
        <test-method signature="t2_4_Correct_Credentials()[pri:0, instance:SmokeTestCase.T2_Authorization@35aea049]" started-at="2025-02-03T23:49:49 CET" name="t2_4_Correct_Credentials" finished-at="2025-02-03T23:49:52 CET" duration-ms="2964" status="PASS">
          <reporter-output>
          </reporter-output>
        </test-method> <!-- t2_4_Correct_Credentials -->
      </class> <!-- SmokeTestCase.T2_Authorization -->
      <class name="SmokeTestCase.T3_Generator">
        <test-method is-config="true" signature="setUp()[pri:0, instance:SmokeTestCase.T3_Generator@47987356]" started-at="2025-02-03T23:49:35 CET" name="setUp" finished-at="2025-02-03T23:49:35 CET" duration-ms="1" status="PASS">
          <reporter-output>
          </reporter-output>
        </test-method> <!-- setUp -->
        <test-method signature="t3_1_Generation_Schem()[pri:0, instance:SmokeTestCase.T3_Generator@47987356]" started-at="2025-02-03T23:49:52 CET" name="t3_1_Generation_Schem" finished-at="2025-02-03T23:50:00 CET" duration-ms="7806" status="PASS">
          <reporter-output>
          </reporter-output>
        </test-method> <!-- t3_1_Generation_Schem -->
      </class> <!-- SmokeTestCase.T3_Generator -->
    </test> <!-- Smoke Group -->
  </suite> <!-- SmokeTest -->
</testng-results>
