<?xml version="1.0" encoding="UTF-8"?>
<!-- Generated by org.testng.reporters.JUnitXMLReporter -->
<testsuite ignored="0" hostname="DESKTOP-K6HCSNI" failures="0" tests="3" name="Default test" time="16.858" errors="0" timestamp="2025-02-17T10:27:31 CET">
  <testcase classname="SmokeTestCase.T13_Formuls" name="T13_1_Formuls_String" time="6.962"/>
  <testcase classname="SmokeTestCase.T13_Formuls" name="T13_2_Formuls_Replicator" time="6.324"/>
  <testcase classname="SmokeTestCase.T13_Formuls" name="T13_3_Formuls_Date" time="3.546"/>
</testsuite> <!-- Default test -->
