<?xml version="1.0" encoding="UTF-8"?>
<!-- Generated by org.testng.reporters.JUnitXMLReporter -->
<testsuite ignored="0" hostname="DESKTOP-K6HCSNI" failures="0" tests="2" name="Test Group" time="38.446" errors="0" timestamp="2025-02-03T16:58:22 CET">
  <testcase classname="editorTest.T1_Authorization_Availability" name="t1_1_Url_Availability" time="14.333"/>
  <testcase classname="editorTest.T1_Authorization_Availability" name="t1_2_Url_Refresh" time="22.667"/>
</testsuite> <!-- Test Group -->
