<?xml version="1.0" encoding="UTF-8"?>
<!-- Generated by org.testng.reporters.JUnitXMLReporter -->
<testsuite ignored="0" hostname="DESKTOP-K6HCSNI" failures="1" tests="2" name="Regression Test" time="0.005" errors="0" timestamp="2025-02-03T16:54:52 CET">
  <testcase classname="editorTest.T1_Authorization_Availability" name="t1_1_Url_Availability" time="0.001">
    <failure type="java.lang.NullPointerException" message="Cannot invoke &amp;quot;org.openqa.selenium.WebDriver.get(String)&amp;quot; because &amp;quot;this.driver&amp;quot; is null">
      <![CDATA[java.lang.NullPointerException: Cannot invoke "org.openqa.selenium.WebDriver.get(String)" because "this.driver" is null
at editorTest.T1_Authorization_Availability.t1_1_Url_Availability(T1_Authorization_Availability.java:34)
at java.base/java.util.ArrayList.forEach(ArrayList.java:1597)
... Removed 25 stack frames]]>
    </failure>
  </testcase> <!-- t1_1_Url_Availability -->
  <testcase classname="editorTest.T1_Authorization_Availability" name="t1_2_Url_Refresh" time="0.0">
    <skipped/>
  </testcase> <!-- t1_2_Url_Refresh -->
</testsuite> <!-- Regression Test -->
