<?xml version="1.0" encoding="UTF-8"?>
<!-- Generated by org.testng.reporters.JUnitXMLReporter -->
<testsuite ignored="43" hostname="DESKTOP-K6HCSNI" failures="0" tests="5" name="Smoke Group" time="20.583" errors="0" timestamp="2025-02-16T20:30:01 CET">
  <testcase classname="SmokeTestCase.T01_Authorization_Availability" name="t1_1_Url_Availability" time="3.282"/>
  <testcase classname="SmokeTestCase.T02_Authorization" name="t2_4_Correct_Credentials" time="2.158"/>
  <testcase classname="SmokeTestCase.T13_Formuls" name="T13_1_Formuls_String" time="3.745"/>
  <testcase classname="SmokeTestCase.T13_Formuls" name="T13_2_Formuls_Replicator" time="6.582"/>
  <testcase classname="SmokeTestCase.T13_Formuls" name="T13_3_Formuls_Date" time="4.792"/>
  <testcase classname="SmokeTestCase.T07_Dotx" name="t7_5_DownloadingDotx" time="0.0">
    <ignored/>
  </testcase> <!-- t7_5_DownloadingDotx -->
  <testcase classname="SmokeTestCase.T01_Authorization_Availability" name="t1_3_Special_Button" time="0.0">
    <ignored/>
  </testcase> <!-- t1_3_Special_Button -->
  <testcase classname="SmokeTestCase.T10_Share" name="t10_3_CommentUserShare" time="0.0">
    <ignored/>
  </testcase> <!-- t10_3_CommentUserShare -->
  <testcase classname="SmokeTestCase.T09_Publish" name="t9_1_UserPublish" time="0.0">
    <ignored/>
  </testcase> <!-- t9_1_UserPublish -->
  <testcase classname="SmokeTestCase.T05_Folders" name="t5_5_RemoveFolder" time="0.0">
    <ignored/>
  </testcase> <!-- t5_5_RemoveFolder -->
  <testcase classname="SmokeTestCase.T11_Check_Publish" name="t11_2_Check_Publish_Group" time="0.0">
    <ignored/>
  </testcase> <!-- t11_2_Check_Publish_Group -->
  <testcase classname="SmokeTestCase.T11_Check_Publish" name="t11_3_Check_Publish_Folder" time="0.0">
    <ignored/>
  </testcase> <!-- t11_3_Check_Publish_Folder -->
  <testcase classname="SmokeTestCase.T02_Authorization" name="t2_1_Incorrect_Credentials" time="0.0">
    <ignored/>
  </testcase> <!-- t2_1_Incorrect_Credentials -->
  <testcase classname="SmokeTestCase.T10_Share" name="t10_5_addDeleteUserShare" time="0.0">
    <ignored/>
  </testcase> <!-- t10_5_addDeleteUserShare -->
  <testcase classname="SmokeTestCase.T06_Docx" name="t6_3_CheckDocx" time="0.0">
    <ignored/>
  </testcase> <!-- t6_3_CheckDocx -->
  <testcase classname="SmokeTestCase.T06_Docx" name="t6_1_CreateDocx" time="0.0">
    <ignored/>
  </testcase> <!-- t6_1_CreateDocx -->
  <testcase classname="SmokeTestCase.T11_Check_Publish" name="t11_1_Check_Publish_User" time="0.0">
    <ignored/>
  </testcase> <!-- t11_1_Check_Publish_User -->
  <testcase classname="SmokeTestCase.T12_Check_Sharing" name="t12_4_Check_Editor_User" time="0.0">
    <ignored/>
  </testcase> <!-- t12_4_Check_Editor_User -->
  <testcase classname="SmokeTestCase.T05_Folders" name="t5_4_RenameNull" time="0.0">
    <ignored/>
  </testcase> <!-- t5_4_RenameNull -->
  <testcase classname="SmokeTestCase.T07_Dotx" name="t7_4_CopyDotx" time="0.0">
    <ignored/>
  </testcase> <!-- t7_4_CopyDotx -->
  <testcase classname="SmokeTestCase.T07_Dotx" name="t7_1_DownloadingDotx" time="0.0">
    <ignored/>
  </testcase> <!-- t7_1_DownloadingDotx -->
  <testcase classname="SmokeTestCase.T12_Check_Sharing" name="t12_2_Check_Reader_Group" time="0.0">
    <ignored/>
  </testcase> <!-- t12_2_Check_Reader_Group -->
  <testcase classname="SmokeTestCase.T04_menu_Work_Area" name="t4_2_Sidebar_Tabs_Sharing_Drives" time="0.0">
    <ignored/>
  </testcase> <!-- t4_2_Sidebar_Tabs_Sharing_Drives -->
  <testcase classname="SmokeTestCase.T05_Folders" name="t5_1_CreateRenameFolders" time="0.0">
    <ignored/>
  </testcase> <!-- t5_1_CreateRenameFolders -->
  <testcase classname="SmokeTestCase.T02_Authorization" name="t2_2_Incorrect_Login" time="0.0">
    <ignored/>
  </testcase> <!-- t2_2_Incorrect_Login -->
  <testcase classname="SmokeTestCase.T04_menu_Work_Area" name="t4_4_Header_buttons" time="0.0">
    <ignored/>
  </testcase> <!-- t4_4_Header_buttons -->
  <testcase classname="SmokeTestCase.T08_Docz" name="t8_1_CreateDocz" time="0.0">
    <ignored/>
  </testcase> <!-- t8_1_CreateDocz -->
  <testcase classname="SmokeTestCase.T04_menu_Work_Area" name="t4_5_Help_button" time="0.0">
    <ignored/>
  </testcase> <!-- t4_5_Help_button -->
  <testcase classname="SmokeTestCase.T04_menu_Work_Area" name="t4_3_Sidebar_Tabs_AI" time="0.0">
    <ignored/>
  </testcase> <!-- t4_3_Sidebar_Tabs_AI -->
  <testcase classname="SmokeTestCase.T11_Check_Publish" name="t11_0_UserAuthorization" time="0.0">
    <ignored/>
  </testcase> <!-- t11_0_UserAuthorization -->
  <testcase classname="SmokeTestCase.T04_menu_Work_Area" name="t4_1_Sidebar_Tabs" time="0.0">
    <ignored/>
  </testcase> <!-- t4_1_Sidebar_Tabs -->
  <testcase classname="SmokeTestCase.T05_Folders" name="t5_2_RenameFolders" time="0.0">
    <ignored/>
  </testcase> <!-- t5_2_RenameFolders -->
  <testcase classname="SmokeTestCase.T10_Share" name="t10_2_ReaderGroupShare" time="0.0">
    <ignored/>
  </testcase> <!-- t10_2_ReaderGroupShare -->
  <testcase classname="SmokeTestCase.T09_Publish" name="t9_2_GroupPublish" time="0.0">
    <ignored/>
  </testcase> <!-- t9_2_GroupPublish -->
  <testcase classname="SmokeTestCase.T07_Dotx" name="t7_2_CreateDotx" time="0.0">
    <ignored/>
  </testcase> <!-- t7_2_CreateDotx -->
  <testcase classname="SmokeTestCase.T02_Authorization" name="t2_3_Incorrect_Password" time="0.0">
    <ignored/>
  </testcase> <!-- t2_3_Incorrect_Password -->
  <testcase classname="SmokeTestCase.T09_Publish" name="t9_2_folderPublish" time="0.0">
    <ignored/>
  </testcase> <!-- t9_2_folderPublish -->
  <testcase classname="SmokeTestCase.T08_Docz" name="t8_2_DownloadingDocz" time="0.0">
    <ignored/>
  </testcase> <!-- t8_2_DownloadingDocz -->
  <testcase classname="SmokeTestCase.T07_Dotx" name="t7_3_CheckDotx" time="0.0">
    <ignored/>
  </testcase> <!-- t7_3_CheckDotx -->
  <testcase classname="SmokeTestCase.T12_Check_Sharing" name="t12_3_Check_Comment_User" time="0.0">
    <ignored/>
  </testcase> <!-- t12_3_Check_Comment_User -->
  <testcase classname="SmokeTestCase.T01_Authorization_Availability" name="t1_2_Url_Refresh" time="0.0">
    <ignored/>
  </testcase> <!-- t1_2_Url_Refresh -->
  <testcase classname="SmokeTestCase.T10_Share" name="t10_1_ReaderUserShare" time="0.0">
    <ignored/>
  </testcase> <!-- t10_1_ReaderUserShare -->
  <testcase classname="SmokeTestCase.T12_Check_Sharing" name="t12_1_Check_Reader_User" time="0.0">
    <ignored/>
  </testcase> <!-- t12_1_Check_Reader_User -->
  <testcase classname="SmokeTestCase.T03_Generator" name="t3_1_Generation_Schem" time="0.0">
    <ignored/>
  </testcase> <!-- t3_1_Generation_Schem -->
  <testcase classname="SmokeTestCase.T10_Share" name="t10_4_EditorUserShare" time="0.0">
    <ignored/>
  </testcase> <!-- t10_4_EditorUserShare -->
  <testcase classname="SmokeTestCase.T12_Check_Sharing" name="t12_5_Check_Delete_Sharing" time="0.0">
    <ignored/>
  </testcase> <!-- t12_5_Check_Delete_Sharing -->
  <testcase classname="SmokeTestCase.T06_Docx" name="t6_2_DownloadingDocx" time="0.0">
    <ignored/>
  </testcase> <!-- t6_2_DownloadingDocx -->
  <testcase classname="SmokeTestCase.T05_Folders" name="t5_3_MoveFolder" time="0.0">
    <ignored/>
  </testcase> <!-- t5_3_MoveFolder -->
</testsuite> <!-- Smoke Group -->
