<?xml version="1.0" encoding="UTF-8"?>
<!-- Generated by org.testng.reporters.JUnitXMLReporter -->
<testsuite ignored="3" hostname="DESKTOP-K6HCSNI" failures="0" tests="45" name="Smoke Group" time="203.673" errors="0" timestamp="2025-02-17T10:45:42 CET">
  <testcase classname="SmokeTestCase.T01_Authorization_Availability" name="t1_1_Url_Availability" time="2.846"/>
  <testcase classname="SmokeTestCase.T01_Authorization_Availability" name="t1_2_Url_Refresh" time="1.46"/>
  <testcase classname="SmokeTestCase.T02_Authorization" name="t2_1_Incorrect_Credentials" time="1.23"/>
  <testcase classname="SmokeTestCase.T02_Authorization" name="t2_2_Incorrect_Login" time="1.215"/>
  <testcase classname="SmokeTestCase.T02_Authorization" name="t2_3_Incorrect_Password" time="1.219"/>
  <testcase classname="SmokeTestCase.T02_Authorization" name="t2_4_Correct_Credentials" time="2.16"/>
  <testcase classname="SmokeTestCase.T03_Generator" name="t3_1_Generation_Schem" time="5.946"/>
  <testcase classname="SmokeTestCase.T04_menu_Work_Area" name="t4_1_Sidebar_Tabs" time="2.518"/>
  <testcase classname="SmokeTestCase.T04_menu_Work_Area" name="t4_4_Header_buttons" time="46.391"/>
  <testcase classname="SmokeTestCase.T04_menu_Work_Area" name="t4_5_Help_button" time="8.963"/>
  <testcase classname="SmokeTestCase.T05_Folders" name="t5_1_CreateRenameFolders" time="2.704"/>
  <testcase classname="SmokeTestCase.T05_Folders" name="t5_2_RenameFolders" time="0.595"/>
  <testcase classname="SmokeTestCase.T05_Folders" name="t5_3_MoveFolder" time="3.706"/>
  <testcase classname="SmokeTestCase.T05_Folders" name="t5_4_RenameNull" time="0.802"/>
  <testcase classname="SmokeTestCase.T05_Folders" name="t5_5_RemoveFolder" time="2.203"/>
  <testcase classname="SmokeTestCase.T06_Docx" name="t6_1_CreateDocx" time="1.426"/>
  <testcase classname="SmokeTestCase.T06_Docx" name="t6_2_DownloadingDocx" time="1.811"/>
  <testcase classname="SmokeTestCase.T06_Docx" name="t6_3_CheckDocx" time="2.816"/>
  <testcase classname="SmokeTestCase.T07_Dotx" name="t7_1_DownloadingDotx" time="1.565"/>
  <testcase classname="SmokeTestCase.T07_Dotx" name="t7_2_CreateDotx" time="2.895"/>
  <testcase classname="SmokeTestCase.T07_Dotx" name="t7_3_CheckDotx" time="2.572"/>
  <testcase classname="SmokeTestCase.T07_Dotx" name="t7_4_CopyDotx" time="0.924"/>
  <testcase classname="SmokeTestCase.T07_Dotx" name="t7_5_DownloadingDotx" time="3.732"/>
  <testcase classname="SmokeTestCase.T08_Docz" name="t8_1_CreateDocz" time="13.653"/>
  <testcase classname="SmokeTestCase.T08_Docz" name="t8_2_DownloadingDocz" time="9.996"/>
  <testcase classname="SmokeTestCase.T09_Publish" name="t9_1_UserPublish" time="4.375"/>
  <testcase classname="SmokeTestCase.T09_Publish" name="t9_2_GroupPublish" time="1.74"/>
  <testcase classname="SmokeTestCase.T09_Publish" name="t9_2_folderPublish" time="3.895"/>
  <testcase classname="SmokeTestCase.T10_Share" name="t10_1_ReaderUserShare" time="2.114"/>
  <testcase classname="SmokeTestCase.T10_Share" name="t10_2_ReaderGroupShare" time="2.08"/>
  <testcase classname="SmokeTestCase.T10_Share" name="t10_3_CommentUserShare" time="2.092"/>
  <testcase classname="SmokeTestCase.T10_Share" name="t10_4_EditorUserShare" time="2.081"/>
  <testcase classname="SmokeTestCase.T10_Share" name="t10_5_addDeleteUserShare" time="4.044"/>
  <testcase classname="SmokeTestCase.T11_Check_Publish" name="t11_0_UserAuthorization" time="5.933"/>
  <testcase classname="SmokeTestCase.T11_Check_Publish" name="t11_1_Check_Publish_User" time="7.106"/>
  <testcase classname="SmokeTestCase.T11_Check_Publish" name="t11_2_Check_Publish_Group" time="7.022"/>
  <testcase classname="SmokeTestCase.T11_Check_Publish" name="t11_3_Check_Publish_Folder" time="7.991"/>
  <testcase classname="SmokeTestCase.T12_Check_Sharing" name="t12_1_Check_Reader_User" time="4.01"/>
  <testcase classname="SmokeTestCase.T12_Check_Sharing" name="t12_2_Check_Reader_Group" time="3.448"/>
  <testcase classname="SmokeTestCase.T12_Check_Sharing" name="t12_3_Check_Comment_User" time="3.431"/>
  <testcase classname="SmokeTestCase.T12_Check_Sharing" name="t12_4_Check_Editor_User" time="3.434"/>
  <testcase classname="SmokeTestCase.T12_Check_Sharing" name="t12_5_Check_Delete_Sharing" time="0.203"/>
  <testcase classname="SmokeTestCase.T13_Formuls" name="T13_1_Formuls_String" time="3.394"/>
  <testcase classname="SmokeTestCase.T13_Formuls" name="T13_2_Formuls_Replicator" time="6.287"/>
  <testcase classname="SmokeTestCase.T13_Formuls" name="T13_3_Formuls_Date" time="3.566"/>
  <testcase classname="SmokeTestCase.T04_menu_Work_Area" name="t4_3_Sidebar_Tabs_AI" time="0.0">
    <ignored/>
  </testcase> <!-- t4_3_Sidebar_Tabs_AI -->
  <testcase classname="SmokeTestCase.T01_Authorization_Availability" name="t1_3_Special_Button" time="0.0">
    <ignored/>
  </testcase> <!-- t1_3_Special_Button -->
  <testcase classname="SmokeTestCase.T04_menu_Work_Area" name="t4_2_Sidebar_Tabs_Sharing_Drives" time="0.0">
    <ignored/>
  </testcase> <!-- t4_2_Sidebar_Tabs_Sharing_Drives -->
</testsuite> <!-- Smoke Group -->
