<?xml version="1.0" encoding="UTF-8"?>
<!-- Generated by org.testng.reporters.JUnitXMLReporter -->
<testsuite ignored="3" hostname="DESKTOP-K6HCSNI" failures="0" tests="45" name="Smoke Group" time="264.462" errors="0" timestamp="2025-02-16T22:41:41 CET">
  <testcase classname="SmokeTestCase.T01_Authorization_Availability" name="t1_1_Url_Availability" time="2.789"/>
  <testcase classname="SmokeTestCase.T01_Authorization_Availability" name="t1_2_Url_Refresh" time="1.941"/>
  <testcase classname="SmokeTestCase.T02_Authorization" name="t2_1_Incorrect_Credentials" time="1.225"/>
  <testcase classname="SmokeTestCase.T02_Authorization" name="t2_2_Incorrect_Login" time="1.239"/>
  <testcase classname="SmokeTestCase.T02_Authorization" name="t2_3_Incorrect_Password" time="1.245"/>
  <testcase classname="SmokeTestCase.T02_Authorization" name="t2_4_Correct_Credentials" time="2.188"/>
  <testcase classname="SmokeTestCase.T03_Generator" name="t3_1_Generation_Schem" time="14.828"/>
  <testcase classname="SmokeTestCase.T04_menu_Work_Area" name="t4_1_Sidebar_Tabs" time="4.031"/>
  <testcase classname="SmokeTestCase.T04_menu_Work_Area" name="t4_4_Header_buttons" time="81.866"/>
  <testcase classname="SmokeTestCase.T04_menu_Work_Area" name="t4_5_Help_button" time="18.952"/>
  <testcase classname="SmokeTestCase.T05_Folders" name="t5_1_CreateRenameFolders" time="4.442"/>
  <testcase classname="SmokeTestCase.T05_Folders" name="t5_2_RenameFolders" time="0.753"/>
  <testcase classname="SmokeTestCase.T05_Folders" name="t5_3_MoveFolder" time="4.291"/>
  <testcase classname="SmokeTestCase.T05_Folders" name="t5_4_RenameNull" time="0.816"/>
  <testcase classname="SmokeTestCase.T05_Folders" name="t5_5_RemoveFolder" time="2.22"/>
  <testcase classname="SmokeTestCase.T06_Docx" name="t6_1_CreateDocx" time="1.435"/>
  <testcase classname="SmokeTestCase.T06_Docx" name="t6_2_DownloadingDocx" time="1.744"/>
  <testcase classname="SmokeTestCase.T06_Docx" name="t6_3_CheckDocx" time="2.466"/>
  <testcase classname="SmokeTestCase.T07_Dotx" name="t7_1_DownloadingDotx" time="1.589"/>
  <testcase classname="SmokeTestCase.T07_Dotx" name="t7_2_CreateDotx" time="2.906"/>
  <testcase classname="SmokeTestCase.T07_Dotx" name="t7_3_CheckDotx" time="7.371"/>
  <testcase classname="SmokeTestCase.T07_Dotx" name="t7_4_CopyDotx" time="0.935"/>
  <testcase classname="SmokeTestCase.T07_Dotx" name="t7_5_DownloadingDotx" time="3.797"/>
  <testcase classname="SmokeTestCase.T08_Docz" name="t8_1_CreateDocz" time="4.799"/>
  <testcase classname="SmokeTestCase.T08_Docz" name="t8_2_DownloadingDocz" time="10.484"/>
  <testcase classname="SmokeTestCase.T09_Publish" name="t9_1_UserPublish" time="2.818"/>
  <testcase classname="SmokeTestCase.T09_Publish" name="t9_2_GroupPublish" time="2.342"/>
  <testcase classname="SmokeTestCase.T09_Publish" name="t9_2_folderPublish" time="4.007"/>
  <testcase classname="SmokeTestCase.T10_Share" name="t10_1_ReaderUserShare" time="2.153"/>
  <testcase classname="SmokeTestCase.T10_Share" name="t10_2_ReaderGroupShare" time="2.137"/>
  <testcase classname="SmokeTestCase.T10_Share" name="t10_3_CommentUserShare" time="2.12"/>
  <testcase classname="SmokeTestCase.T10_Share" name="t10_4_EditorUserShare" time="2.118"/>
  <testcase classname="SmokeTestCase.T10_Share" name="t10_5_addDeleteUserShare" time="4.154"/>
  <testcase classname="SmokeTestCase.T11_Check_Publish" name="t11_0_UserAuthorization" time="11.151"/>
  <testcase classname="SmokeTestCase.T11_Check_Publish" name="t11_1_Check_Publish_User" time="7.179"/>
  <testcase classname="SmokeTestCase.T11_Check_Publish" name="t11_2_Check_Publish_Group" time="7.568"/>
  <testcase classname="SmokeTestCase.T11_Check_Publish" name="t11_3_Check_Publish_Folder" time="8.018"/>
  <testcase classname="SmokeTestCase.T12_Check_Sharing" name="t12_1_Check_Reader_User" time="4.073"/>
  <testcase classname="SmokeTestCase.T12_Check_Sharing" name="t12_2_Check_Reader_Group" time="3.475"/>
  <testcase classname="SmokeTestCase.T12_Check_Sharing" name="t12_3_Check_Comment_User" time="3.489"/>
  <testcase classname="SmokeTestCase.T12_Check_Sharing" name="t12_4_Check_Editor_User" time="3.482"/>
  <testcase classname="SmokeTestCase.T12_Check_Sharing" name="t12_5_Check_Delete_Sharing" time="0.25"/>
  <testcase classname="SmokeTestCase.T13_Formuls" name="T13_1_Formuls_String" time="3.431"/>
  <testcase classname="SmokeTestCase.T13_Formuls" name="T13_2_Formuls_Replicator" time="6.381"/>
  <testcase classname="SmokeTestCase.T13_Formuls" name="T13_3_Formuls_Date" time="3.681"/>
  <testcase classname="SmokeTestCase.T04_menu_Work_Area" name="t4_3_Sidebar_Tabs_AI" time="0.0">
    <ignored/>
  </testcase> <!-- t4_3_Sidebar_Tabs_AI -->
  <testcase classname="SmokeTestCase.T01_Authorization_Availability" name="t1_3_Special_Button" time="0.0">
    <ignored/>
  </testcase> <!-- t1_3_Special_Button -->
  <testcase classname="SmokeTestCase.T04_menu_Work_Area" name="t4_2_Sidebar_Tabs_Sharing_Drives" time="0.0">
    <ignored/>
  </testcase> <!-- t4_2_Sidebar_Tabs_Sharing_Drives -->
</testsuite> <!-- Smoke Group -->
