<?xml version="1.0" encoding="UTF-8"?>
<!-- Generated by org.testng.reporters.JUnitXMLReporter -->
<testsuite ignored="1" hostname="DESKTOP-K6HCSNI" failures="0" tests="7" name="Smoke Group" time="22.238" errors="0" timestamp="2025-02-04T13:43:11 CET">
  <testcase classname="SmokeTestCase.T1_Authorization_Availability" name="t1_1_Url_Availability" time="3.012"/>
  <testcase classname="SmokeTestCase.T1_Authorization_Availability" name="t1_2_Url_Refresh" time="1.583"/>
  <testcase classname="SmokeTestCase.T2_Authorization" name="t2_1_Incorrect_Credentials" time="1.168"/>
  <testcase classname="SmokeTestCase.T2_Authorization" name="t2_2_Incorrect_Login" time="3.747"/>
  <testcase classname="SmokeTestCase.T2_Authorization" name="t2_3_Incorrect_Password" time="2.946"/>
  <testcase classname="SmokeTestCase.T2_Authorization" name="t2_4_Correct_Credentials" time="2.996"/>
  <testcase classname="SmokeTestCase.T3_Generator" name="t3_1_Generation_Schem" time="6.757"/>
  <testcase classname="SmokeTestCase.T1_Authorization_Availability" name="t1_3_Special_Button" time="0.0">
    <ignored/>
  </testcase> <!-- t1_3_Special_Button -->
</testsuite> <!-- Smoke Group -->
