<?xml version="1.0" encoding="UTF-8"?>
<!-- Generated by org.testng.reporters.JUnitXMLReporter -->
<testsuite ignored="10" hostname="DESKTOP-K6HCSNI" failures="0" tests="3" name="Smoke Group" time="12.943" errors="0" timestamp="2025-02-07T23:59:24 CET">
  <testcase classname="SmokeTestCase.T1_Authorization_Availability" name="t1_1_Url_Availability" time="2.78"/>
  <testcase classname="SmokeTestCase.T2_Authorization" name="t2_4_Correct_Credentials" time="2.582"/>
  <testcase classname="SmokeTestCase.T4_menu_Work_Area" name="t4_5_Help_button" time="7.56"/>
  <testcase classname="SmokeTestCase.T4_menu_Work_Area" name="t4_2_Sidebar_Tabs_Sharing_Drives" time="0.0">
    <ignored/>
  </testcase> <!-- t4_2_Sidebar_Tabs_Sharing_Drives -->
  <testcase classname="SmokeTestCase.T2_Authorization" name="t2_1_Incorrect_Credentials" time="0.0">
    <ignored/>
  </testcase> <!-- t2_1_Incorrect_Credentials -->
  <testcase classname="SmokeTestCase.T3_Generator" name="t3_1_Generation_Schem" time="0.0">
    <ignored/>
  </testcase> <!-- t3_1_Generation_Schem -->
  <testcase classname="SmokeTestCase.T4_menu_Work_Area" name="t4_4_Header_buttons" time="0.0">
    <ignored/>
  </testcase> <!-- t4_4_Header_buttons -->
  <testcase classname="SmokeTestCase.T1_Authorization_Availability" name="t1_2_Url_Refresh" time="0.0">
    <ignored/>
  </testcase> <!-- t1_2_Url_Refresh -->
  <testcase classname="SmokeTestCase.T2_Authorization" name="t2_2_Incorrect_Login" time="0.0">
    <ignored/>
  </testcase> <!-- t2_2_Incorrect_Login -->
  <testcase classname="SmokeTestCase.T4_menu_Work_Area" name="t4_3_Sidebar_Tabs_AI" time="0.0">
    <ignored/>
  </testcase> <!-- t4_3_Sidebar_Tabs_AI -->
  <testcase classname="SmokeTestCase.T1_Authorization_Availability" name="t1_3_Special_Button" time="0.0">
    <ignored/>
  </testcase> <!-- t1_3_Special_Button -->
  <testcase classname="SmokeTestCase.T4_menu_Work_Area" name="t4_1_Sidebar_Tabs" time="0.0">
    <ignored/>
  </testcase> <!-- t4_1_Sidebar_Tabs -->
  <testcase classname="SmokeTestCase.T2_Authorization" name="t2_3_Incorrect_Password" time="0.0">
    <ignored/>
  </testcase> <!-- t2_3_Incorrect_Password -->
</testsuite> <!-- Smoke Group -->
