<?xml version="1.0" encoding="UTF-8"?>
<!-- Generated by org.testng.reporters.JUnitXMLReporter -->
<testsuite ignored="8" hostname="DESKTOP-K6HCSNI" failures="1" tests="4" name="Smoke Group" time="43.357" errors="0" timestamp="2025-02-04T23:48:28 CET">
  <testcase classname="SmokeTestCase.T1_Authorization_Availability" name="t1_1_Url_Availability" time="10.163"/>
  <testcase classname="SmokeTestCase.T2_Authorization" name="t2_4_Correct_Credentials" time="5.808"/>
  <testcase classname="SmokeTestCase.T4_menu_Work_Area" name="t4_1_Sidebar_Tabs" time="0.631"/>
  <testcase classname="SmokeTestCase.T4_menu_Work_Area" name="t4_4_Header_buttons" time="26.728">
    <failure type="org.openqa.selenium.ElementClickInterceptedException" message="element click intercepted: Element &amp;lt;a anchor=&amp;quot;id75&amp;quot; class=&amp;quot;btn default&amp;quot; tabindex=&amp;quot;0&amp;quot; title=&amp;quot;&amp;quot;&amp;gt;...&amp;lt;/a&amp;gt; is not clickable at point (291, 18). Other element would receive the click: &amp;lt;div class=&amp;quot;window-mask&amp;quot;&amp;gt;...&amp;lt;/div&amp;gt;
  (Session info: chrome=132.0.6834.160)
Build info: version: &amp;apos;4.28.1&amp;apos;, revision: &amp;apos;73f5ad48a2&amp;apos;
System info: os.name: &amp;apos;Windows 11&amp;apos;, os.arch: &amp;apos;amd64&amp;apos;, os.version: &amp;apos;10.0&amp;apos;, java.version: &amp;apos;23.0.1&amp;apos;
Driver info: org.openqa.selenium.chrome.ChromeDriver
Command: [67b3354701a419dbe6d52b4842eed7fd, clickElement {id=f.1B9850D23A5C72DB7DD450BE949971CC.d.B4983A5B72278274CA890786AF9AF2EE.e.407}]
Capabilities {acceptInsecureCerts: false, browserName: chrome, browserVersion: 132.0.6834.160, chrome: {chromedriverVersion: 132.0.6834.159 (2d77d3fc445..., userDataDir: C:\Users\843E~1\AppData\Loc...}, fedcm:accounts: true, goog:chromeOptions: {debuggerAddress: localhost:51316}, networkConnectionEnabled: false, pageLoadStrategy: normal, platformName: windows, proxy: Proxy(), se:cdp: ws://localhost:51316/devtoo..., se:cdpVersion: 132.0.6834.160, setWindowRect: true, strictFileInteractability: false, timeouts: {implicit: 0, pageLoad: 300000, script: 30000}, unhandledPromptBehavior: dismiss and notify, webauthn:extension:credBlob: true, webauthn:extension:largeBlob: true, webauthn:extension:minPinLength: true, webauthn:extension:prf: true, webauthn:virtualAuthenticators: true}
Element: [[ChromeDriver: chrome on windows (67b3354701a419dbe6d52b4842eed7fd)] -&amp;gt; xpath: //div[@class=&amp;apos;header-menu&amp;apos;]//a[@class=&amp;apos;btn default&amp;apos;]]
Session ID: 67b3354701a419dbe6d52b4842eed7fd">
      <![CDATA[org.openqa.selenium.ElementClickInterceptedException: element click intercepted: Element <a anchor="id75" class="btn default" tabindex="0" title="">...</a> is not clickable at point (291, 18). Other element would receive the click: <div class="window-mask">...</div>
  (Session info: chrome=132.0.6834.160)
Build info: version: '4.28.1', revision: '73f5ad48a2'
System info: os.name: 'Windows 11', os.arch: 'amd64', os.version: '10.0', java.version: '23.0.1'
Driver info: org.openqa.selenium.chrome.ChromeDriver
Command: [67b3354701a419dbe6d52b4842eed7fd, clickElement {id=f.1B9850D23A5C72DB7DD450BE949971CC.d.B4983A5B72278274CA890786AF9AF2EE.e.407}]
Capabilities {acceptInsecureCerts: false, browserName: chrome, browserVersion: 132.0.6834.160, chrome: {chromedriverVersion: 132.0.6834.159 (2d77d3fc445..., userDataDir: C:\Users\843E~1\AppData\Loc...}, fedcm:accounts: true, goog:chromeOptions: {debuggerAddress: localhost:51316}, networkConnectionEnabled: false, pageLoadStrategy: normal, platformName: windows, proxy: Proxy(), se:cdp: ws://localhost:51316/devtoo..., se:cdpVersion: 132.0.6834.160, setWindowRect: true, strictFileInteractability: false, timeouts: {implicit: 0, pageLoad: 300000, script: 30000}, unhandledPromptBehavior: dismiss and notify, webauthn:extension:credBlob: true, webauthn:extension:largeBlob: true, webauthn:extension:minPinLength: true, webauthn:extension:prf: true, webauthn:virtualAuthenticators: true}
Element: [[ChromeDriver: chrome on windows (67b3354701a419dbe6d52b4842eed7fd)] -> xpath: //div[@class='header-menu']//a[@class='btn default']]
Session ID: 67b3354701a419dbe6d52b4842eed7fd
at org.openqa.selenium.remote.ErrorCodec.decode(ErrorCodec.java:167)
at org.openqa.selenium.remote.codec.w3c.W3CHttpResponseCodec.decode(W3CHttpResponseCodec.java:138)
at org.openqa.selenium.remote.codec.w3c.W3CHttpResponseCodec.decode(W3CHttpResponseCodec.java:50)
at org.openqa.selenium.remote.HttpCommandExecutor.execute(HttpCommandExecutor.java:215)
at org.openqa.selenium.remote.service.DriverCommandExecutor.invokeExecute(DriverCommandExecutor.java:216)
at org.openqa.selenium.remote.service.DriverCommandExecutor.execute(DriverCommandExecutor.java:174)
at org.openqa.selenium.remote.RemoteWebDriver.execute(RemoteWebDriver.java:545)
at org.openqa.selenium.remote.RemoteWebElement.execute(RemoteWebElement.java:223)
at org.openqa.selenium.remote.RemoteWebElement.click(RemoteWebElement.java:76)
at SmokeTestCase.T4_menu_Work_Area.t4_4_Header_buttons(T4_menu_Work_Area.java:229)
at java.base/java.util.ArrayList.forEach(ArrayList.java:1597)
... Removed 28 stack frames]]>
    </failure>
  </testcase> <!-- t4_4_Header_buttons -->
  <testcase classname="SmokeTestCase.T4_menu_Work_Area" name="t4_3_Sidebar_Tabs_AI" time="0.0">
    <ignored/>
  </testcase> <!-- t4_3_Sidebar_Tabs_AI -->
  <testcase classname="SmokeTestCase.T1_Authorization_Availability" name="t1_3_Special_Button" time="0.0">
    <ignored/>
  </testcase> <!-- t1_3_Special_Button -->
  <testcase classname="SmokeTestCase.T1_Authorization_Availability" name="t1_2_Url_Refresh" time="0.0">
    <ignored/>
  </testcase> <!-- t1_2_Url_Refresh -->
  <testcase classname="SmokeTestCase.T4_menu_Work_Area" name="t4_2_Sidebar_Tabs_Sharing_Drives" time="0.0">
    <ignored/>
  </testcase> <!-- t4_2_Sidebar_Tabs_Sharing_Drives -->
  <testcase classname="SmokeTestCase.T2_Authorization" name="t2_3_Incorrect_Password" time="0.0">
    <ignored/>
  </testcase> <!-- t2_3_Incorrect_Password -->
  <testcase classname="SmokeTestCase.T3_Generator" name="t3_1_Generation_Schem" time="0.0">
    <ignored/>
  </testcase> <!-- t3_1_Generation_Schem -->
  <testcase classname="SmokeTestCase.T2_Authorization" name="t2_2_Incorrect_Login" time="0.0">
    <ignored/>
  </testcase> <!-- t2_2_Incorrect_Login -->
  <testcase classname="SmokeTestCase.T2_Authorization" name="t2_1_Incorrect_Credentials" time="0.0">
    <ignored/>
  </testcase> <!-- t2_1_Incorrect_Credentials -->
</testsuite> <!-- Smoke Group -->
