<?xml version="1.0" encoding="UTF-8"?>
<!-- Generated by org.testng.reporters.JUnitXMLReporter -->
<testsuite ignored="11" hostname="DESKTOP-K6HCSNI" failures="0" tests="20" name="Smoke Group" time="63.192" errors="0" timestamp="2025-02-13T19:36:45 CET">
  <testcase classname="SmokeTestCase.T01_Authorization_Availability" name="t1_1_Url_Availability" time="2.915"/>
  <testcase classname="SmokeTestCase.T02_Authorization" name="t2_4_Correct_Credentials" time="2.158"/>
  <testcase classname="SmokeTestCase.T05_Folders" name="t5_1_CreateRenameFolders" time="1.194"/>
  <testcase classname="SmokeTestCase.T05_Folders" name="t5_2_RenameFolders" time="0.656"/>
  <testcase classname="SmokeTestCase.T05_Folders" name="t5_3_MoveFolder" time="4.341"/>
  <testcase classname="SmokeTestCase.T05_Folders" name="t5_4_RenameNull" time="0.816"/>
  <testcase classname="SmokeTestCase.T05_Folders" name="t5_5_RemoveFolder" time="2.073"/>
  <testcase classname="SmokeTestCase.T06_Docx" name="t6_1_CreateDocx" time="1.439"/>
  <testcase classname="SmokeTestCase.T06_Docx" name="t6_2_DownloadingDocx" time="1.868"/>
  <testcase classname="SmokeTestCase.T06_Docx" name="t6_3_CheckDocx" time="9.68"/>
  <testcase classname="SmokeTestCase.T07_Dotx" name="t7_1_DownloadingDotx" time="1.613"/>
  <testcase classname="SmokeTestCase.T07_Dotx" name="t7_2_CreateDotx" time="2.903"/>
  <testcase classname="SmokeTestCase.T07_Dotx" name="t7_3_CheckDotx" time="5.084"/>
  <testcase classname="SmokeTestCase.T07_Dotx" name="t7_4_CopyDotx" time="0.979"/>
  <testcase classname="SmokeTestCase.T07_Dotx" name="t7_5_DownloadingDotx" time="3.764"/>
  <testcase classname="SmokeTestCase.T08_Docz" name="t8_1_CreateDocz" time="2.908"/>
  <testcase classname="SmokeTestCase.T08_Docz" name="t8_2_DownloadingDocz" time="9.99"/>
  <testcase classname="SmokeTestCase.T09_Publish" name="t9_1_UserPublish" time="2.421"/>
  <testcase classname="SmokeTestCase.T09_Publish" name="t9_2_GroupPublish" time="2.379"/>
  <testcase classname="SmokeTestCase.T09_Publish" name="t9_2_folderPublish" time="3.958"/>
  <testcase classname="SmokeTestCase.T01_Authorization_Availability" name="t1_2_Url_Refresh" time="0.0">
    <ignored/>
  </testcase> <!-- t1_2_Url_Refresh -->
  <testcase classname="SmokeTestCase.T01_Authorization_Availability" name="t1_3_Special_Button" time="0.0">
    <ignored/>
  </testcase> <!-- t1_3_Special_Button -->
  <testcase classname="SmokeTestCase.T02_Authorization" name="t2_3_Incorrect_Password" time="0.0">
    <ignored/>
  </testcase> <!-- t2_3_Incorrect_Password -->
  <testcase classname="SmokeTestCase.T04_menu_Work_Area" name="t4_5_Help_button" time="0.0">
    <ignored/>
  </testcase> <!-- t4_5_Help_button -->
  <testcase classname="SmokeTestCase.T04_menu_Work_Area" name="t4_1_Sidebar_Tabs" time="0.0">
    <ignored/>
  </testcase> <!-- t4_1_Sidebar_Tabs -->
  <testcase classname="SmokeTestCase.T04_menu_Work_Area" name="t4_4_Header_buttons" time="0.0">
    <ignored/>
  </testcase> <!-- t4_4_Header_buttons -->
  <testcase classname="SmokeTestCase.T02_Authorization" name="t2_2_Incorrect_Login" time="0.0">
    <ignored/>
  </testcase> <!-- t2_2_Incorrect_Login -->
  <testcase classname="SmokeTestCase.T02_Authorization" name="t2_1_Incorrect_Credentials" time="0.0">
    <ignored/>
  </testcase> <!-- t2_1_Incorrect_Credentials -->
  <testcase classname="SmokeTestCase.T03_Generator" name="t3_1_Generation_Schem" time="0.0">
    <ignored/>
  </testcase> <!-- t3_1_Generation_Schem -->
  <testcase classname="SmokeTestCase.T04_menu_Work_Area" name="t4_2_Sidebar_Tabs_Sharing_Drives" time="0.0">
    <ignored/>
  </testcase> <!-- t4_2_Sidebar_Tabs_Sharing_Drives -->
  <testcase classname="SmokeTestCase.T04_menu_Work_Area" name="t4_3_Sidebar_Tabs_AI" time="0.0">
    <ignored/>
  </testcase> <!-- t4_3_Sidebar_Tabs_AI -->
</testsuite> <!-- Smoke Group -->
