<?xml version="1.0" encoding="UTF-8"?>
<!-- Generated by org.testng.reporters.JUnitXMLReporter -->
<testsuite ignored="3" hostname="DESKTOP-K6HCSNI" failures="0" tests="9" name="Smoke Group" time="26.528" errors="0" timestamp="2025-02-04T13:57:02 CET">
  <testcase classname="SmokeTestCase.T1_Authorization_Availability" name="t1_1_Url_Availability" time="2.946"/>
  <testcase classname="SmokeTestCase.T1_Authorization_Availability" name="t1_2_Url_Refresh" time="2.412"/>
  <testcase classname="SmokeTestCase.T2_Authorization" name="t2_1_Incorrect_Credentials" time="1.161"/>
  <testcase classname="SmokeTestCase.T2_Authorization" name="t2_2_Incorrect_Login" time="4.112"/>
  <testcase classname="SmokeTestCase.T2_Authorization" name="t2_3_Incorrect_Password" time="4.702"/>
  <testcase classname="SmokeTestCase.T2_Authorization" name="t2_4_Correct_Credentials" time="3.82"/>
  <testcase classname="SmokeTestCase.T3_Generator" name="t3_1_Generation_Schem" time="6.748"/>
  <testcase classname="SmokeTestCase.T4_menu_Work_Area" name="t4_1_Sidebar_Tabs" time="0.483"/>
  <testcase classname="SmokeTestCase.T4_menu_Work_Area" name="t4_2_Sidebar_Tabs_Sharing_Drives" time="0.114"/>
  <testcase classname="SmokeTestCase.T4_menu_Work_Area" name="processButtons" time="0.0">
    <ignored/>
  </testcase> <!-- processButtons -->
  <testcase classname="SmokeTestCase.T4_menu_Work_Area" name="t4_3_Sidebar_Tabs_AI" time="0.0">
    <ignored/>
  </testcase> <!-- t4_3_Sidebar_Tabs_AI -->
  <testcase classname="SmokeTestCase.T1_Authorization_Availability" name="t1_3_Special_Button" time="0.0">
    <ignored/>
  </testcase> <!-- t1_3_Special_Button -->
</testsuite> <!-- Smoke Group -->
