<?xml version="1.0" encoding="UTF-8"?>
<testng-results ignored="0" total="18" passed="18" failed="0" skipped="0">
  <reporter-output>
  </reporter-output>
  <suite started-at="2025-02-12T14:15:48 CET" name="SmokeTest" finished-at="2025-02-12T14:16:37 CET" duration-ms="49483">
    <groups>
      <group name="smoke">
        <method signature="T1_Authorization_Availability.t1_1_Url_Availability()[pri:0, instance:SmokeTestCase.T1_Authorization_Availability@2ed2d9cb]" name="t1_1_Url_Availability" class="SmokeTestCase.T1_Authorization_Availability"/>
        <method signature="T2_Authorization.t2_4_Correct_Credentials()[pri:0, instance:SmokeTestCase.T2_Authorization@485966cc]" name="t2_4_Correct_Credentials" class="SmokeTestCase.T2_Authorization"/>
        <method signature="T5_Folders.t5_1_CreateRenameFolders()[pri:0, instance:SmokeTestCase.T5_Folders@5a56cdac]" name="t5_1_CreateRenameFolders" class="SmokeTestCase.T5_Folders"/>
        <method signature="T5_Folders.t5_2_RenameFolders()[pri:0, instance:SmokeTestCase.T5_Folders@5a56cdac]" name="t5_2_RenameFolders" class="SmokeTestCase.T5_Folders"/>
        <method signature="T5_Folders.t5_3_MoveFolder()[pri:0, instance:SmokeTestCase.T5_Folders@5a56cdac]" name="t5_3_MoveFolder" class="SmokeTestCase.T5_Folders"/>
        <method signature="T5_Folders.t5_4_RenameNull()[pri:0, instance:SmokeTestCase.T5_Folders@5a56cdac]" name="t5_4_RenameNull" class="SmokeTestCase.T5_Folders"/>
        <method signature="T5_Folders.t5_5_RemoveFolder()[pri:0, instance:SmokeTestCase.T5_Folders@5a56cdac]" name="t5_5_RemoveFolder" class="SmokeTestCase.T5_Folders"/>
        <method signature="T6_Docx.t6_1_CreateDocx()[pri:0, instance:SmokeTestCase.T6_Docx@7c711375]" name="t6_1_CreateDocx" class="SmokeTestCase.T6_Docx"/>
        <method signature="T6_Docx.t6_2_DownloadingDocx()[pri:0, instance:SmokeTestCase.T6_Docx@7c711375]" name="t6_2_DownloadingDocx" class="SmokeTestCase.T6_Docx"/>
        <method signature="T6_Docx.t6_3_CheckDocx()[pri:0, instance:SmokeTestCase.T6_Docx@7c711375]" name="t6_3_CheckDocx" class="SmokeTestCase.T6_Docx"/>
        <method signature="T7_Dotx.t7_1_DownloadingDotx()[pri:0, instance:SmokeTestCase.T7_Dotx@57cf54e1]" name="t7_1_DownloadingDotx" class="SmokeTestCase.T7_Dotx"/>
        <method signature="T7_Dotx.t7_2_CreateDotx()[pri:0, instance:SmokeTestCase.T7_Dotx@57cf54e1]" name="t7_2_CreateDotx" class="SmokeTestCase.T7_Dotx"/>
        <method signature="T7_Dotx.t7_3_CheckDotx()[pri:0, instance:SmokeTestCase.T7_Dotx@57cf54e1]" name="t7_3_CheckDotx" class="SmokeTestCase.T7_Dotx"/>
        <method signature="T7_Dotx.t7_4_CopyDotx()[pri:0, instance:SmokeTestCase.T7_Dotx@57cf54e1]" name="t7_4_CopyDotx" class="SmokeTestCase.T7_Dotx"/>
        <method signature="T7_Dotx.t7_5_DownloadingDotx()[pri:0, instance:SmokeTestCase.T7_Dotx@57cf54e1]" name="t7_5_DownloadingDotx" class="SmokeTestCase.T7_Dotx"/>
        <method signature="T8_Docz.t8_1_CreateDocz()[pri:0, instance:SmokeTestCase.T8_Docz@5b03b9fe]" name="t8_1_CreateDocz" class="SmokeTestCase.T8_Docz"/>
        <method signature="T8_Docz.t8_2_DownloadingDocz()[pri:0, instance:SmokeTestCase.T8_Docz@5b03b9fe]" name="t8_2_DownloadingDocz" class="SmokeTestCase.T8_Docz"/>
        <method signature="T9_Publish.t9_1_UserPublish()[pri:0, instance:SmokeTestCase.T9_Publish@37d4349f]" name="t9_1_UserPublish" class="SmokeTestCase.T9_Publish"/>
      </group> <!-- smoke -->
      <group name="speed">
        <method signature="T1_Authorization_Availability.t1_1_Url_Availability()[pri:0, instance:SmokeTestCase.T1_Authorization_Availability@2ed2d9cb]" name="t1_1_Url_Availability" class="SmokeTestCase.T1_Authorization_Availability"/>
        <method signature="T2_Authorization.t2_4_Correct_Credentials()[pri:0, instance:SmokeTestCase.T2_Authorization@485966cc]" name="t2_4_Correct_Credentials" class="SmokeTestCase.T2_Authorization"/>
        <method signature="T5_Folders.t5_1_CreateRenameFolders()[pri:0, instance:SmokeTestCase.T5_Folders@5a56cdac]" name="t5_1_CreateRenameFolders" class="SmokeTestCase.T5_Folders"/>
        <method signature="T5_Folders.t5_2_RenameFolders()[pri:0, instance:SmokeTestCase.T5_Folders@5a56cdac]" name="t5_2_RenameFolders" class="SmokeTestCase.T5_Folders"/>
        <method signature="T5_Folders.t5_3_MoveFolder()[pri:0, instance:SmokeTestCase.T5_Folders@5a56cdac]" name="t5_3_MoveFolder" class="SmokeTestCase.T5_Folders"/>
        <method signature="T5_Folders.t5_4_RenameNull()[pri:0, instance:SmokeTestCase.T5_Folders@5a56cdac]" name="t5_4_RenameNull" class="SmokeTestCase.T5_Folders"/>
        <method signature="T5_Folders.t5_5_RemoveFolder()[pri:0, instance:SmokeTestCase.T5_Folders@5a56cdac]" name="t5_5_RemoveFolder" class="SmokeTestCase.T5_Folders"/>
        <method signature="T6_Docx.t6_1_CreateDocx()[pri:0, instance:SmokeTestCase.T6_Docx@7c711375]" name="t6_1_CreateDocx" class="SmokeTestCase.T6_Docx"/>
        <method signature="T6_Docx.t6_2_DownloadingDocx()[pri:0, instance:SmokeTestCase.T6_Docx@7c711375]" name="t6_2_DownloadingDocx" class="SmokeTestCase.T6_Docx"/>
        <method signature="T6_Docx.t6_3_CheckDocx()[pri:0, instance:SmokeTestCase.T6_Docx@7c711375]" name="t6_3_CheckDocx" class="SmokeTestCase.T6_Docx"/>
        <method signature="T7_Dotx.t7_1_DownloadingDotx()[pri:0, instance:SmokeTestCase.T7_Dotx@57cf54e1]" name="t7_1_DownloadingDotx" class="SmokeTestCase.T7_Dotx"/>
        <method signature="T7_Dotx.t7_2_CreateDotx()[pri:0, instance:SmokeTestCase.T7_Dotx@57cf54e1]" name="t7_2_CreateDotx" class="SmokeTestCase.T7_Dotx"/>
        <method signature="T7_Dotx.t7_3_CheckDotx()[pri:0, instance:SmokeTestCase.T7_Dotx@57cf54e1]" name="t7_3_CheckDotx" class="SmokeTestCase.T7_Dotx"/>
        <method signature="T7_Dotx.t7_4_CopyDotx()[pri:0, instance:SmokeTestCase.T7_Dotx@57cf54e1]" name="t7_4_CopyDotx" class="SmokeTestCase.T7_Dotx"/>
        <method signature="T7_Dotx.t7_5_DownloadingDotx()[pri:0, instance:SmokeTestCase.T7_Dotx@57cf54e1]" name="t7_5_DownloadingDotx" class="SmokeTestCase.T7_Dotx"/>
        <method signature="T8_Docz.t8_1_CreateDocz()[pri:0, instance:SmokeTestCase.T8_Docz@5b03b9fe]" name="t8_1_CreateDocz" class="SmokeTestCase.T8_Docz"/>
        <method signature="T8_Docz.t8_2_DownloadingDocz()[pri:0, instance:SmokeTestCase.T8_Docz@5b03b9fe]" name="t8_2_DownloadingDocz" class="SmokeTestCase.T8_Docz"/>
        <method signature="T9_Publish.t9_1_UserPublish()[pri:0, instance:SmokeTestCase.T9_Publish@37d4349f]" name="t9_1_UserPublish" class="SmokeTestCase.T9_Publish"/>
      </group> <!-- speed -->
    </groups>
    <test started-at="2025-02-12T14:15:48 CET" name="Smoke Group" finished-at="2025-02-12T14:16:37 CET" duration-ms="49483">
      <class name="SmokeTestCase.T5_Folders">
        <test-method is-config="true" signature="setUp()[pri:0, instance:SmokeTestCase.T5_Folders@5a56cdac]" started-at="2025-02-12T14:15:48 CET" name="setUp" finished-at="2025-02-12T14:15:48 CET" duration-ms="0" status="PASS">
          <reporter-output>
          </reporter-output>
        </test-method> <!-- setUp -->
        <test-method signature="t5_1_CreateRenameFolders()[pri:0, instance:SmokeTestCase.T5_Folders@5a56cdac]" started-at="2025-02-12T14:15:53 CET" name="t5_1_CreateRenameFolders" finished-at="2025-02-12T14:15:54 CET" duration-ms="1190" status="PASS">
          <reporter-output>
          </reporter-output>
        </test-method> <!-- t5_1_CreateRenameFolders -->
        <test-method signature="t5_2_RenameFolders()[pri:0, instance:SmokeTestCase.T5_Folders@5a56cdac]" started-at="2025-02-12T14:15:54 CET" name="t5_2_RenameFolders" finished-at="2025-02-12T14:15:55 CET" duration-ms="723" status="PASS">
          <reporter-output>
          </reporter-output>
        </test-method> <!-- t5_2_RenameFolders -->
        <test-method signature="t5_3_MoveFolder()[pri:0, instance:SmokeTestCase.T5_Folders@5a56cdac]" started-at="2025-02-12T14:15:55 CET" name="t5_3_MoveFolder" finished-at="2025-02-12T14:15:59 CET" duration-ms="3890" status="PASS">
          <reporter-output>
          </reporter-output>
        </test-method> <!-- t5_3_MoveFolder -->
        <test-method signature="t5_4_RenameNull()[pri:0, instance:SmokeTestCase.T5_Folders@5a56cdac]" started-at="2025-02-12T14:15:59 CET" name="t5_4_RenameNull" finished-at="2025-02-12T14:16:00 CET" duration-ms="818" status="PASS">
          <reporter-output>
          </reporter-output>
        </test-method> <!-- t5_4_RenameNull -->
        <test-method signature="t5_5_RemoveFolder()[pri:0, instance:SmokeTestCase.T5_Folders@5a56cdac]" started-at="2025-02-12T14:16:00 CET" name="t5_5_RemoveFolder" finished-at="2025-02-12T14:16:02 CET" duration-ms="2046" status="PASS">
          <reporter-output>
          </reporter-output>
        </test-method> <!-- t5_5_RemoveFolder -->
      </class> <!-- SmokeTestCase.T5_Folders -->
      <class name="SmokeTestCase.T6_Docx">
        <test-method is-config="true" signature="setUp()[pri:0, instance:SmokeTestCase.T6_Docx@7c711375]" started-at="2025-02-12T14:15:48 CET" name="setUp" finished-at="2025-02-12T14:15:48 CET" duration-ms="0" status="PASS">
          <reporter-output>
          </reporter-output>
        </test-method> <!-- setUp -->
        <test-method signature="t6_1_CreateDocx()[pri:0, instance:SmokeTestCase.T6_Docx@7c711375]" started-at="2025-02-12T14:16:02 CET" name="t6_1_CreateDocx" finished-at="2025-02-12T14:16:03 CET" duration-ms="1481" status="PASS">
          <reporter-output>
          </reporter-output>
        </test-method> <!-- t6_1_CreateDocx -->
        <test-method signature="t6_2_DownloadingDocx()[pri:0, instance:SmokeTestCase.T6_Docx@7c711375]" started-at="2025-02-12T14:16:03 CET" name="t6_2_DownloadingDocx" finished-at="2025-02-12T14:16:05 CET" duration-ms="1904" status="PASS">
          <reporter-output>
          </reporter-output>
        </test-method> <!-- t6_2_DownloadingDocx -->
        <test-method signature="t6_3_CheckDocx()[pri:0, instance:SmokeTestCase.T6_Docx@7c711375]" started-at="2025-02-12T14:16:05 CET" name="t6_3_CheckDocx" finished-at="2025-02-12T14:16:10 CET" duration-ms="4229" status="PASS">
          <reporter-output>
          </reporter-output>
        </test-method> <!-- t6_3_CheckDocx -->
      </class> <!-- SmokeTestCase.T6_Docx -->
      <class name="SmokeTestCase.T1_Authorization_Availability">
        <test-method is-config="true" signature="setUp()[pri:0, instance:SmokeTestCase.T1_Authorization_Availability@2ed2d9cb]" started-at="2025-02-12T14:15:46 CET" name="setUp" finished-at="2025-02-12T14:15:48 CET" duration-ms="1573" status="PASS">
          <reporter-output>
          </reporter-output>
        </test-method> <!-- setUp -->
        <test-method signature="t1_1_Url_Availability()[pri:0, instance:SmokeTestCase.T1_Authorization_Availability@2ed2d9cb]" started-at="2025-02-12T14:15:48 CET" name="t1_1_Url_Availability" finished-at="2025-02-12T14:15:51 CET" duration-ms="3229" status="PASS">
          <reporter-output>
          </reporter-output>
        </test-method> <!-- t1_1_Url_Availability -->
      </class> <!-- SmokeTestCase.T1_Authorization_Availability -->
      <class name="SmokeTestCase.T4_menu_Work_Area">
        <test-method is-config="true" signature="setUp()[pri:0, instance:SmokeTestCase.T4_menu_Work_Area@593aaf41]" started-at="2025-02-12T14:15:48 CET" name="setUp" finished-at="2025-02-12T14:15:48 CET" duration-ms="0" status="PASS">
          <reporter-output>
          </reporter-output>
        </test-method> <!-- setUp -->
      </class> <!-- SmokeTestCase.T4_menu_Work_Area -->
      <class name="SmokeTestCase.T7_Dotx">
        <test-method is-config="true" signature="setUp()[pri:0, instance:SmokeTestCase.T7_Dotx@57cf54e1]" started-at="2025-02-12T14:15:48 CET" name="setUp" finished-at="2025-02-12T14:15:48 CET" duration-ms="0" status="PASS">
          <reporter-output>
          </reporter-output>
        </test-method> <!-- setUp -->
        <test-method signature="t7_1_DownloadingDotx()[pri:0, instance:SmokeTestCase.T7_Dotx@57cf54e1]" started-at="2025-02-12T14:16:10 CET" name="t7_1_DownloadingDotx" finished-at="2025-02-12T14:16:11 CET" duration-ms="1589" status="PASS">
          <reporter-output>
          </reporter-output>
        </test-method> <!-- t7_1_DownloadingDotx -->
        <test-method signature="t7_2_CreateDotx()[pri:0, instance:SmokeTestCase.T7_Dotx@57cf54e1]" started-at="2025-02-12T14:16:11 CET" name="t7_2_CreateDotx" finished-at="2025-02-12T14:16:14 CET" duration-ms="2940" status="PASS">
          <reporter-output>
          </reporter-output>
        </test-method> <!-- t7_2_CreateDotx -->
        <test-method signature="t7_3_CheckDotx()[pri:0, instance:SmokeTestCase.T7_Dotx@57cf54e1]" started-at="2025-02-12T14:16:14 CET" name="t7_3_CheckDotx" finished-at="2025-02-12T14:16:18 CET" duration-ms="3789" status="PASS">
          <reporter-output>
          </reporter-output>
        </test-method> <!-- t7_3_CheckDotx -->
        <test-method signature="t7_4_CopyDotx()[pri:0, instance:SmokeTestCase.T7_Dotx@57cf54e1]" started-at="2025-02-12T14:16:18 CET" name="t7_4_CopyDotx" finished-at="2025-02-12T14:16:19 CET" duration-ms="940" status="PASS">
          <reporter-output>
          </reporter-output>
        </test-method> <!-- t7_4_CopyDotx -->
        <test-method signature="t7_5_DownloadingDotx()[pri:0, instance:SmokeTestCase.T7_Dotx@57cf54e1]" started-at="2025-02-12T14:16:19 CET" name="t7_5_DownloadingDotx" finished-at="2025-02-12T14:16:23 CET" duration-ms="3745" status="PASS">
          <reporter-output>
          </reporter-output>
        </test-method> <!-- t7_5_DownloadingDotx -->
      </class> <!-- SmokeTestCase.T7_Dotx -->
      <class name="SmokeTestCase.T9_Publish">
        <test-method is-config="true" signature="setUp()[pri:0, instance:SmokeTestCase.T9_Publish@37d4349f]" started-at="2025-02-12T14:15:48 CET" name="setUp" finished-at="2025-02-12T14:15:48 CET" duration-ms="0" status="PASS">
          <reporter-output>
          </reporter-output>
        </test-method> <!-- setUp -->
        <test-method signature="t9_1_UserPublish()[pri:0, instance:SmokeTestCase.T9_Publish@37d4349f]" started-at="2025-02-12T14:16:35 CET" name="t9_1_UserPublish" finished-at="2025-02-12T14:16:37 CET" duration-ms="1849" status="PASS">
          <reporter-output>
          </reporter-output>
        </test-method> <!-- t9_1_UserPublish -->
      </class> <!-- SmokeTestCase.T9_Publish -->
      <class name="SmokeTestCase.T2_Authorization">
        <test-method is-config="true" signature="setUp()[pri:0, instance:SmokeTestCase.T2_Authorization@485966cc]" started-at="2025-02-12T14:15:48 CET" name="setUp" finished-at="2025-02-12T14:15:48 CET" duration-ms="0" status="PASS">
          <reporter-output>
          </reporter-output>
        </test-method> <!-- setUp -->
        <test-method signature="t2_4_Correct_Credentials()[pri:0, instance:SmokeTestCase.T2_Authorization@485966cc]" started-at="2025-02-12T14:15:51 CET" name="t2_4_Correct_Credentials" finished-at="2025-02-12T14:15:53 CET" duration-ms="2169" status="PASS">
          <reporter-output>
          </reporter-output>
        </test-method> <!-- t2_4_Correct_Credentials -->
      </class> <!-- SmokeTestCase.T2_Authorization -->
      <class name="SmokeTestCase.T8_Docz">
        <test-method is-config="true" signature="setUp()[pri:0, instance:SmokeTestCase.T8_Docz@5b03b9fe]" started-at="2025-02-12T14:15:48 CET" name="setUp" finished-at="2025-02-12T14:15:48 CET" duration-ms="0" status="PASS">
          <reporter-output>
          </reporter-output>
        </test-method> <!-- setUp -->
        <test-method signature="t8_1_CreateDocz()[pri:0, instance:SmokeTestCase.T8_Docz@5b03b9fe]" started-at="2025-02-12T14:16:23 CET" name="t8_1_CreateDocz" finished-at="2025-02-12T14:16:25 CET" duration-ms="2941" status="PASS">
          <reporter-output>
          </reporter-output>
        </test-method> <!-- t8_1_CreateDocz -->
        <test-method signature="t8_2_DownloadingDocz()[pri:0, instance:SmokeTestCase.T8_Docz@5b03b9fe]" started-at="2025-02-12T14:16:25 CET" name="t8_2_DownloadingDocz" finished-at="2025-02-12T14:16:35 CET" duration-ms="9960" status="PASS">
          <reporter-output>
          </reporter-output>
        </test-method> <!-- t8_2_DownloadingDocz -->
      </class> <!-- SmokeTestCase.T8_Docz -->
    </test> <!-- Smoke Group -->
  </suite> <!-- SmokeTest -->
</testng-results>
