<?xml version="1.0" encoding="UTF-8"?>
<testng-results ignored="0" total="3" passed="3" failed="0" skipped="0">
  <reporter-output>
  </reporter-output>
  <suite started-at="2025-02-07T23:59:11 CET" name="SmokeTest" finished-at="2025-02-07T23:59:24 CET" duration-ms="12943">
    <groups>
      <group name="smoke">
        <method signature="T1_Authorization_Availability.t1_1_Url_Availability()[pri:0, instance:SmokeTestCase.T1_Authorization_Availability@1af2d44a]" name="t1_1_Url_Availability" class="SmokeTestCase.T1_Authorization_Availability"/>
        <method signature="T2_Authorization.t2_4_Correct_Credentials()[pri:0, instance:SmokeTestCase.T2_Authorization@4fb3ee4e]" name="t2_4_Correct_Credentials" class="SmokeTestCase.T2_Authorization"/>
        <method signature="T4_menu_Work_Area.t4_5_Help_button()[pri:0, instance:SmokeTestCase.T4_menu_Work_Area@7c24b813]" name="t4_5_Help_button" class="SmokeTestCase.T4_menu_Work_Area"/>
      </group> <!-- smoke -->
      <group name="speed">
        <method signature="T1_Authorization_Availability.t1_1_Url_Availability()[pri:0, instance:SmokeTestCase.T1_Authorization_Availability@1af2d44a]" name="t1_1_Url_Availability" class="SmokeTestCase.T1_Authorization_Availability"/>
        <method signature="T2_Authorization.t2_4_Correct_Credentials()[pri:0, instance:SmokeTestCase.T2_Authorization@4fb3ee4e]" name="t2_4_Correct_Credentials" class="SmokeTestCase.T2_Authorization"/>
        <method signature="T4_menu_Work_Area.t4_5_Help_button()[pri:0, instance:SmokeTestCase.T4_menu_Work_Area@7c24b813]" name="t4_5_Help_button" class="SmokeTestCase.T4_menu_Work_Area"/>
      </group> <!-- speed -->
    </groups>
    <test started-at="2025-02-07T23:59:11 CET" name="Smoke Group" finished-at="2025-02-07T23:59:24 CET" duration-ms="12943">
      <class name="SmokeTestCase.T1_Authorization_Availability">
        <test-method is-config="true" signature="setUp()[pri:0, instance:SmokeTestCase.T1_Authorization_Availability@1af2d44a]" started-at="2025-02-07T23:59:10 CET" name="setUp" finished-at="2025-02-07T23:59:11 CET" duration-ms="1240" status="PASS">
          <reporter-output>
          </reporter-output>
        </test-method> <!-- setUp -->
        <test-method signature="t1_1_Url_Availability()[pri:0, instance:SmokeTestCase.T1_Authorization_Availability@1af2d44a]" started-at="2025-02-07T23:59:11 CET" name="t1_1_Url_Availability" finished-at="2025-02-07T23:59:14 CET" duration-ms="2780" status="PASS">
          <reporter-output>
          </reporter-output>
        </test-method> <!-- t1_1_Url_Availability -->
      </class> <!-- SmokeTestCase.T1_Authorization_Availability -->
      <class name="SmokeTestCase.T4_menu_Work_Area">
        <test-method is-config="true" signature="setUp()[pri:0, instance:SmokeTestCase.T4_menu_Work_Area@7c24b813]" started-at="2025-02-07T23:59:11 CET" name="setUp" finished-at="2025-02-07T23:59:11 CET" duration-ms="0" status="PASS">
          <reporter-output>
          </reporter-output>
        </test-method> <!-- setUp -->
        <test-method signature="t4_5_Help_button()[pri:0, instance:SmokeTestCase.T4_menu_Work_Area@7c24b813]" started-at="2025-02-07T23:59:16 CET" name="t4_5_Help_button" finished-at="2025-02-07T23:59:24 CET" duration-ms="7560" status="PASS">
          <reporter-output>
          </reporter-output>
        </test-method> <!-- t4_5_Help_button -->
      </class> <!-- SmokeTestCase.T4_menu_Work_Area -->
      <class name="SmokeTestCase.T2_Authorization">
        <test-method is-config="true" signature="setUp()[pri:0, instance:SmokeTestCase.T2_Authorization@4fb3ee4e]" started-at="2025-02-07T23:59:11 CET" name="setUp" finished-at="2025-02-07T23:59:11 CET" duration-ms="0" status="PASS">
          <reporter-output>
          </reporter-output>
        </test-method> <!-- setUp -->
        <test-method signature="t2_4_Correct_Credentials()[pri:0, instance:SmokeTestCase.T2_Authorization@4fb3ee4e]" started-at="2025-02-07T23:59:14 CET" name="t2_4_Correct_Credentials" finished-at="2025-02-07T23:59:16 CET" duration-ms="2582" status="PASS">
          <reporter-output>
          </reporter-output>
        </test-method> <!-- t2_4_Correct_Credentials -->
      </class> <!-- SmokeTestCase.T2_Authorization -->
    </test> <!-- Smoke Group -->
  </suite> <!-- SmokeTest -->
</testng-results>
