<?xml version="1.0" encoding="UTF-8"?>
<testng-results ignored="0" total="17" passed="17" failed="0" skipped="0">
  <reporter-output>
  </reporter-output>
  <suite started-at="2025-02-11T17:34:27 CET" name="SmokeTest" finished-at="2025-02-11T17:35:14 CET" duration-ms="46996">
    <groups>
      <group name="smoke">
        <method signature="T1_Authorization_Availability.t1_1_Url_Availability()[pri:0, instance:SmokeTestCase.T1_Authorization_Availability@1b2abca6]" name="t1_1_Url_Availability" class="SmokeTestCase.T1_Authorization_Availability"/>
        <method signature="T2_Authorization.t2_4_Correct_Credentials()[pri:0, instance:SmokeTestCase.T2_Authorization@c88a337]" name="t2_4_Correct_Credentials" class="SmokeTestCase.T2_Authorization"/>
        <method signature="T5_Folders.t5_1_CreateRenameFolders()[pri:0, instance:SmokeTestCase.T5_Folders@54bff557]" name="t5_1_CreateRenameFolders" class="SmokeTestCase.T5_Folders"/>
        <method signature="T5_Folders.t5_2_RenameFolders()[pri:0, instance:SmokeTestCase.T5_Folders@54bff557]" name="t5_2_RenameFolders" class="SmokeTestCase.T5_Folders"/>
        <method signature="T5_Folders.t5_3_MoveFolder()[pri:0, instance:SmokeTestCase.T5_Folders@54bff557]" name="t5_3_MoveFolder" class="SmokeTestCase.T5_Folders"/>
        <method signature="T5_Folders.t5_4_RenameNull()[pri:0, instance:SmokeTestCase.T5_Folders@54bff557]" name="t5_4_RenameNull" class="SmokeTestCase.T5_Folders"/>
        <method signature="T5_Folders.t5_5_RemoveFolder()[pri:0, instance:SmokeTestCase.T5_Folders@54bff557]" name="t5_5_RemoveFolder" class="SmokeTestCase.T5_Folders"/>
        <method signature="T6_Docx.t6_1_CreateDocx()[pri:0, instance:SmokeTestCase.T6_Docx@593aaf41]" name="t6_1_CreateDocx" class="SmokeTestCase.T6_Docx"/>
        <method signature="T6_Docx.t6_2_DownloadingDocx()[pri:0, instance:SmokeTestCase.T6_Docx@593aaf41]" name="t6_2_DownloadingDocx" class="SmokeTestCase.T6_Docx"/>
        <method signature="T6_Docx.t6_3_CheckDocx()[pri:0, instance:SmokeTestCase.T6_Docx@593aaf41]" name="t6_3_CheckDocx" class="SmokeTestCase.T6_Docx"/>
        <method signature="T7_Dotx.t7_1_DownloadingDotx()[pri:0, instance:SmokeTestCase.T7_Dotx@5a56cdac]" name="t7_1_DownloadingDotx" class="SmokeTestCase.T7_Dotx"/>
        <method signature="T7_Dotx.t7_2_CreateDotx()[pri:0, instance:SmokeTestCase.T7_Dotx@5a56cdac]" name="t7_2_CreateDotx" class="SmokeTestCase.T7_Dotx"/>
        <method signature="T7_Dotx.t7_3_CheckDotx()[pri:0, instance:SmokeTestCase.T7_Dotx@5a56cdac]" name="t7_3_CheckDotx" class="SmokeTestCase.T7_Dotx"/>
        <method signature="T7_Dotx.t7_4_CopyDotx()[pri:0, instance:SmokeTestCase.T7_Dotx@5a56cdac]" name="t7_4_CopyDotx" class="SmokeTestCase.T7_Dotx"/>
        <method signature="T7_Dotx.t7_5_DownloadingDotx()[pri:0, instance:SmokeTestCase.T7_Dotx@5a56cdac]" name="t7_5_DownloadingDotx" class="SmokeTestCase.T7_Dotx"/>
        <method signature="T8_Docz.t8_1_CreateDocz()[pri:0, instance:SmokeTestCase.T8_Docz@7c711375]" name="t8_1_CreateDocz" class="SmokeTestCase.T8_Docz"/>
        <method signature="T8_Docz.t8_2_DownloadingDocz()[pri:0, instance:SmokeTestCase.T8_Docz@7c711375]" name="t8_2_DownloadingDocz" class="SmokeTestCase.T8_Docz"/>
      </group> <!-- smoke -->
      <group name="speed">
        <method signature="T1_Authorization_Availability.t1_1_Url_Availability()[pri:0, instance:SmokeTestCase.T1_Authorization_Availability@1b2abca6]" name="t1_1_Url_Availability" class="SmokeTestCase.T1_Authorization_Availability"/>
        <method signature="T2_Authorization.t2_4_Correct_Credentials()[pri:0, instance:SmokeTestCase.T2_Authorization@c88a337]" name="t2_4_Correct_Credentials" class="SmokeTestCase.T2_Authorization"/>
        <method signature="T5_Folders.t5_1_CreateRenameFolders()[pri:0, instance:SmokeTestCase.T5_Folders@54bff557]" name="t5_1_CreateRenameFolders" class="SmokeTestCase.T5_Folders"/>
        <method signature="T5_Folders.t5_2_RenameFolders()[pri:0, instance:SmokeTestCase.T5_Folders@54bff557]" name="t5_2_RenameFolders" class="SmokeTestCase.T5_Folders"/>
        <method signature="T5_Folders.t5_3_MoveFolder()[pri:0, instance:SmokeTestCase.T5_Folders@54bff557]" name="t5_3_MoveFolder" class="SmokeTestCase.T5_Folders"/>
        <method signature="T5_Folders.t5_4_RenameNull()[pri:0, instance:SmokeTestCase.T5_Folders@54bff557]" name="t5_4_RenameNull" class="SmokeTestCase.T5_Folders"/>
        <method signature="T5_Folders.t5_5_RemoveFolder()[pri:0, instance:SmokeTestCase.T5_Folders@54bff557]" name="t5_5_RemoveFolder" class="SmokeTestCase.T5_Folders"/>
        <method signature="T6_Docx.t6_1_CreateDocx()[pri:0, instance:SmokeTestCase.T6_Docx@593aaf41]" name="t6_1_CreateDocx" class="SmokeTestCase.T6_Docx"/>
        <method signature="T6_Docx.t6_2_DownloadingDocx()[pri:0, instance:SmokeTestCase.T6_Docx@593aaf41]" name="t6_2_DownloadingDocx" class="SmokeTestCase.T6_Docx"/>
        <method signature="T6_Docx.t6_3_CheckDocx()[pri:0, instance:SmokeTestCase.T6_Docx@593aaf41]" name="t6_3_CheckDocx" class="SmokeTestCase.T6_Docx"/>
        <method signature="T7_Dotx.t7_1_DownloadingDotx()[pri:0, instance:SmokeTestCase.T7_Dotx@5a56cdac]" name="t7_1_DownloadingDotx" class="SmokeTestCase.T7_Dotx"/>
        <method signature="T7_Dotx.t7_2_CreateDotx()[pri:0, instance:SmokeTestCase.T7_Dotx@5a56cdac]" name="t7_2_CreateDotx" class="SmokeTestCase.T7_Dotx"/>
        <method signature="T7_Dotx.t7_3_CheckDotx()[pri:0, instance:SmokeTestCase.T7_Dotx@5a56cdac]" name="t7_3_CheckDotx" class="SmokeTestCase.T7_Dotx"/>
        <method signature="T7_Dotx.t7_4_CopyDotx()[pri:0, instance:SmokeTestCase.T7_Dotx@5a56cdac]" name="t7_4_CopyDotx" class="SmokeTestCase.T7_Dotx"/>
        <method signature="T7_Dotx.t7_5_DownloadingDotx()[pri:0, instance:SmokeTestCase.T7_Dotx@5a56cdac]" name="t7_5_DownloadingDotx" class="SmokeTestCase.T7_Dotx"/>
        <method signature="T8_Docz.t8_1_CreateDocz()[pri:0, instance:SmokeTestCase.T8_Docz@7c711375]" name="t8_1_CreateDocz" class="SmokeTestCase.T8_Docz"/>
        <method signature="T8_Docz.t8_2_DownloadingDocz()[pri:0, instance:SmokeTestCase.T8_Docz@7c711375]" name="t8_2_DownloadingDocz" class="SmokeTestCase.T8_Docz"/>
      </group> <!-- speed -->
    </groups>
    <test started-at="2025-02-11T17:34:27 CET" name="Smoke Group" finished-at="2025-02-11T17:35:14 CET" duration-ms="46996">
      <class name="SmokeTestCase.T5_Folders">
        <test-method is-config="true" signature="setUp()[pri:0, instance:SmokeTestCase.T5_Folders@54bff557]" started-at="2025-02-11T17:34:27 CET" name="setUp" finished-at="2025-02-11T17:34:27 CET" duration-ms="0" status="PASS">
          <reporter-output>
          </reporter-output>
        </test-method> <!-- setUp -->
        <test-method signature="t5_1_CreateRenameFolders()[pri:0, instance:SmokeTestCase.T5_Folders@54bff557]" started-at="2025-02-11T17:34:32 CET" name="t5_1_CreateRenameFolders" finished-at="2025-02-11T17:34:33 CET" duration-ms="1185" status="PASS">
          <reporter-output>
          </reporter-output>
        </test-method> <!-- t5_1_CreateRenameFolders -->
        <test-method signature="t5_2_RenameFolders()[pri:0, instance:SmokeTestCase.T5_Folders@54bff557]" started-at="2025-02-11T17:34:33 CET" name="t5_2_RenameFolders" finished-at="2025-02-11T17:34:34 CET" duration-ms="747" status="PASS">
          <reporter-output>
          </reporter-output>
        </test-method> <!-- t5_2_RenameFolders -->
        <test-method signature="t5_3_MoveFolder()[pri:0, instance:SmokeTestCase.T5_Folders@54bff557]" started-at="2025-02-11T17:34:34 CET" name="t5_3_MoveFolder" finished-at="2025-02-11T17:34:38 CET" duration-ms="4365" status="PASS">
          <reporter-output>
          </reporter-output>
        </test-method> <!-- t5_3_MoveFolder -->
        <test-method signature="t5_4_RenameNull()[pri:0, instance:SmokeTestCase.T5_Folders@54bff557]" started-at="2025-02-11T17:34:38 CET" name="t5_4_RenameNull" finished-at="2025-02-11T17:34:39 CET" duration-ms="834" status="PASS">
          <reporter-output>
          </reporter-output>
        </test-method> <!-- t5_4_RenameNull -->
        <test-method signature="t5_5_RemoveFolder()[pri:0, instance:SmokeTestCase.T5_Folders@54bff557]" started-at="2025-02-11T17:34:39 CET" name="t5_5_RemoveFolder" finished-at="2025-02-11T17:34:41 CET" duration-ms="2070" status="PASS">
          <reporter-output>
          </reporter-output>
        </test-method> <!-- t5_5_RemoveFolder -->
      </class> <!-- SmokeTestCase.T5_Folders -->
      <class name="SmokeTestCase.T6_Docx">
        <test-method is-config="true" signature="setUp()[pri:0, instance:SmokeTestCase.T6_Docx@593aaf41]" started-at="2025-02-11T17:34:27 CET" name="setUp" finished-at="2025-02-11T17:34:27 CET" duration-ms="0" status="PASS">
          <reporter-output>
          </reporter-output>
        </test-method> <!-- setUp -->
        <test-method signature="t6_1_CreateDocx()[pri:0, instance:SmokeTestCase.T6_Docx@593aaf41]" started-at="2025-02-11T17:34:41 CET" name="t6_1_CreateDocx" finished-at="2025-02-11T17:34:42 CET" duration-ms="1434" status="PASS">
          <reporter-output>
          </reporter-output>
        </test-method> <!-- t6_1_CreateDocx -->
        <test-method signature="t6_2_DownloadingDocx()[pri:0, instance:SmokeTestCase.T6_Docx@593aaf41]" started-at="2025-02-11T17:34:42 CET" name="t6_2_DownloadingDocx" finished-at="2025-02-11T17:34:44 CET" duration-ms="1863" status="PASS">
          <reporter-output>
          </reporter-output>
        </test-method> <!-- t6_2_DownloadingDocx -->
        <test-method signature="t6_3_CheckDocx()[pri:0, instance:SmokeTestCase.T6_Docx@593aaf41]" started-at="2025-02-11T17:34:44 CET" name="t6_3_CheckDocx" finished-at="2025-02-11T17:34:48 CET" duration-ms="4251" status="PASS">
          <reporter-output>
          </reporter-output>
        </test-method> <!-- t6_3_CheckDocx -->
      </class> <!-- SmokeTestCase.T6_Docx -->
      <class name="SmokeTestCase.T1_Authorization_Availability">
        <test-method is-config="true" signature="setUp()[pri:0, instance:SmokeTestCase.T1_Authorization_Availability@1b2abca6]" started-at="2025-02-11T17:34:25 CET" name="setUp" finished-at="2025-02-11T17:34:27 CET" duration-ms="1266" status="PASS">
          <reporter-output>
          </reporter-output>
        </test-method> <!-- setUp -->
        <test-method signature="t1_1_Url_Availability()[pri:0, instance:SmokeTestCase.T1_Authorization_Availability@1b2abca6]" started-at="2025-02-11T17:34:27 CET" name="t1_1_Url_Availability" finished-at="2025-02-11T17:34:29 CET" duration-ms="2811" status="PASS">
          <reporter-output>
          </reporter-output>
        </test-method> <!-- t1_1_Url_Availability -->
      </class> <!-- SmokeTestCase.T1_Authorization_Availability -->
      <class name="SmokeTestCase.T4_menu_Work_Area">
        <test-method is-config="true" signature="setUp()[pri:0, instance:SmokeTestCase.T4_menu_Work_Area@1de76cc7]" started-at="2025-02-11T17:34:27 CET" name="setUp" finished-at="2025-02-11T17:34:27 CET" duration-ms="1" status="PASS">
          <reporter-output>
          </reporter-output>
        </test-method> <!-- setUp -->
      </class> <!-- SmokeTestCase.T4_menu_Work_Area -->
      <class name="SmokeTestCase.T7_Dotx">
        <test-method is-config="true" signature="setUp()[pri:0, instance:SmokeTestCase.T7_Dotx@5a56cdac]" started-at="2025-02-11T17:34:27 CET" name="setUp" finished-at="2025-02-11T17:34:27 CET" duration-ms="0" status="PASS">
          <reporter-output>
          </reporter-output>
        </test-method> <!-- setUp -->
        <test-method signature="t7_1_DownloadingDotx()[pri:0, instance:SmokeTestCase.T7_Dotx@5a56cdac]" started-at="2025-02-11T17:34:48 CET" name="t7_1_DownloadingDotx" finished-at="2025-02-11T17:34:50 CET" duration-ms="1590" status="PASS">
          <reporter-output>
          </reporter-output>
        </test-method> <!-- t7_1_DownloadingDotx -->
        <test-method signature="t7_2_CreateDotx()[pri:0, instance:SmokeTestCase.T7_Dotx@5a56cdac]" started-at="2025-02-11T17:34:50 CET" name="t7_2_CreateDotx" finished-at="2025-02-11T17:34:53 CET" duration-ms="2910" status="PASS">
          <reporter-output>
          </reporter-output>
        </test-method> <!-- t7_2_CreateDotx -->
        <test-method signature="t7_3_CheckDotx()[pri:0, instance:SmokeTestCase.T7_Dotx@5a56cdac]" started-at="2025-02-11T17:34:53 CET" name="t7_3_CheckDotx" finished-at="2025-02-11T17:34:56 CET" duration-ms="3051" status="PASS">
          <reporter-output>
          </reporter-output>
        </test-method> <!-- t7_3_CheckDotx -->
        <test-method signature="t7_4_CopyDotx()[pri:0, instance:SmokeTestCase.T7_Dotx@5a56cdac]" started-at="2025-02-11T17:34:56 CET" name="t7_4_CopyDotx" finished-at="2025-02-11T17:34:57 CET" duration-ms="971" status="PASS">
          <reporter-output>
          </reporter-output>
        </test-method> <!-- t7_4_CopyDotx -->
        <test-method signature="t7_5_DownloadingDotx()[pri:0, instance:SmokeTestCase.T7_Dotx@5a56cdac]" started-at="2025-02-11T17:34:57 CET" name="t7_5_DownloadingDotx" finished-at="2025-02-11T17:35:01 CET" duration-ms="3755" status="PASS">
          <reporter-output>
          </reporter-output>
        </test-method> <!-- t7_5_DownloadingDotx -->
      </class> <!-- SmokeTestCase.T7_Dotx -->
      <class name="SmokeTestCase.T2_Authorization">
        <test-method is-config="true" signature="setUp()[pri:0, instance:SmokeTestCase.T2_Authorization@c88a337]" started-at="2025-02-11T17:34:27 CET" name="setUp" finished-at="2025-02-11T17:34:27 CET" duration-ms="0" status="PASS">
          <reporter-output>
          </reporter-output>
        </test-method> <!-- setUp -->
        <test-method signature="t2_4_Correct_Credentials()[pri:0, instance:SmokeTestCase.T2_Authorization@c88a337]" started-at="2025-02-11T17:34:29 CET" name="t2_4_Correct_Credentials" finished-at="2025-02-11T17:34:32 CET" duration-ms="2189" status="PASS">
          <reporter-output>
          </reporter-output>
        </test-method> <!-- t2_4_Correct_Credentials -->
      </class> <!-- SmokeTestCase.T2_Authorization -->
      <class name="SmokeTestCase.T8_Docz">
        <test-method is-config="true" signature="setUp()[pri:0, instance:SmokeTestCase.T8_Docz@7c711375]" started-at="2025-02-11T17:34:27 CET" name="setUp" finished-at="2025-02-11T17:34:27 CET" duration-ms="0" status="PASS">
          <reporter-output>
          </reporter-output>
        </test-method> <!-- setUp -->
        <test-method signature="t8_1_CreateDocz()[pri:0, instance:SmokeTestCase.T8_Docz@7c711375]" started-at="2025-02-11T17:35:01 CET" name="t8_1_CreateDocz" finished-at="2025-02-11T17:35:04 CET" duration-ms="2954" status="PASS">
          <reporter-output>
          </reporter-output>
        </test-method> <!-- t8_1_CreateDocz -->
        <test-method signature="t8_2_DownloadingDocz()[pri:0, instance:SmokeTestCase.T8_Docz@7c711375]" started-at="2025-02-11T17:35:04 CET" name="t8_2_DownloadingDocz" finished-at="2025-02-11T17:35:14 CET" duration-ms="9970" status="PASS">
          <reporter-output>
          </reporter-output>
        </test-method> <!-- t8_2_DownloadingDocz -->
      </class> <!-- SmokeTestCase.T8_Docz -->
    </test> <!-- Smoke Group -->
  </suite> <!-- SmokeTest -->
</testng-results>
