<?xml version="1.0" encoding="UTF-8"?>
<testng-results ignored="0" total="45" passed="45" failed="0" skipped="0">
  <reporter-output>
  </reporter-output>
  <suite started-at="2025-02-17T10:42:18 CET" name="SmokeTest" finished-at="2025-02-17T10:45:42 CET" duration-ms="203673">
    <groups>
      <group name="smoke">
        <method signature="T01_Authorization_Availability.t1_1_Url_Availability()[pri:0, instance:SmokeTestCase.T01_Authorization_Availability@4803b726]" name="t1_1_Url_Availability" class="SmokeTestCase.T01_Authorization_Availability"/>
        <method signature="T01_Authorization_Availability.t1_2_Url_Refresh()[pri:0, instance:SmokeTestCase.T01_Authorization_Availability@4803b726]" name="t1_2_Url_Refresh" class="SmokeTestCase.T01_Authorization_Availability"/>
        <method signature="T02_Authorization.t2_1_Incorrect_Credentials()[pri:0, instance:SmokeTestCase.T02_Authorization@1de5f259]" name="t2_1_Incorrect_Credentials" class="SmokeTestCase.T02_Authorization"/>
        <method signature="T02_Authorization.t2_2_Incorrect_Login()[pri:0, instance:SmokeTestCase.T02_Authorization@1de5f259]" name="t2_2_Incorrect_Login" class="SmokeTestCase.T02_Authorization"/>
        <method signature="T02_Authorization.t2_3_Incorrect_Password()[pri:0, instance:SmokeTestCase.T02_Authorization@1de5f259]" name="t2_3_Incorrect_Password" class="SmokeTestCase.T02_Authorization"/>
        <method signature="T02_Authorization.t2_4_Correct_Credentials()[pri:0, instance:SmokeTestCase.T02_Authorization@1de5f259]" name="t2_4_Correct_Credentials" class="SmokeTestCase.T02_Authorization"/>
        <method signature="T03_Generator.t3_1_Generation_Schem()[pri:0, instance:SmokeTestCase.T03_Generator@31fa1761]" name="t3_1_Generation_Schem" class="SmokeTestCase.T03_Generator"/>
        <method signature="T04_menu_Work_Area.t4_1_Sidebar_Tabs()[pri:0, instance:SmokeTestCase.T04_menu_Work_Area@957e06]" name="t4_1_Sidebar_Tabs" class="SmokeTestCase.T04_menu_Work_Area"/>
        <method signature="T04_menu_Work_Area.t4_4_Header_buttons()[pri:0, instance:SmokeTestCase.T04_menu_Work_Area@957e06]" name="t4_4_Header_buttons" class="SmokeTestCase.T04_menu_Work_Area"/>
        <method signature="T04_menu_Work_Area.t4_5_Help_button()[pri:0, instance:SmokeTestCase.T04_menu_Work_Area@957e06]" name="t4_5_Help_button" class="SmokeTestCase.T04_menu_Work_Area"/>
        <method signature="T05_Folders.t5_1_CreateRenameFolders()[pri:0, instance:SmokeTestCase.T05_Folders@32502377]" name="t5_1_CreateRenameFolders" class="SmokeTestCase.T05_Folders"/>
        <method signature="T05_Folders.t5_2_RenameFolders()[pri:0, instance:SmokeTestCase.T05_Folders@32502377]" name="t5_2_RenameFolders" class="SmokeTestCase.T05_Folders"/>
        <method signature="T05_Folders.t5_3_MoveFolder()[pri:0, instance:SmokeTestCase.T05_Folders@32502377]" name="t5_3_MoveFolder" class="SmokeTestCase.T05_Folders"/>
        <method signature="T05_Folders.t5_4_RenameNull()[pri:0, instance:SmokeTestCase.T05_Folders@32502377]" name="t5_4_RenameNull" class="SmokeTestCase.T05_Folders"/>
        <method signature="T05_Folders.t5_5_RemoveFolder()[pri:0, instance:SmokeTestCase.T05_Folders@32502377]" name="t5_5_RemoveFolder" class="SmokeTestCase.T05_Folders"/>
        <method signature="T06_Docx.t6_1_CreateDocx()[pri:0, instance:SmokeTestCase.T06_Docx@2c1b194a]" name="t6_1_CreateDocx" class="SmokeTestCase.T06_Docx"/>
        <method signature="T06_Docx.t6_2_DownloadingDocx()[pri:0, instance:SmokeTestCase.T06_Docx@2c1b194a]" name="t6_2_DownloadingDocx" class="SmokeTestCase.T06_Docx"/>
        <method signature="T06_Docx.t6_3_CheckDocx()[pri:0, instance:SmokeTestCase.T06_Docx@2c1b194a]" name="t6_3_CheckDocx" class="SmokeTestCase.T06_Docx"/>
        <method signature="T07_Dotx.t7_1_DownloadingDotx()[pri:0, instance:SmokeTestCase.T07_Dotx@4dbb42b7]" name="t7_1_DownloadingDotx" class="SmokeTestCase.T07_Dotx"/>
        <method signature="T07_Dotx.t7_2_CreateDotx()[pri:0, instance:SmokeTestCase.T07_Dotx@4dbb42b7]" name="t7_2_CreateDotx" class="SmokeTestCase.T07_Dotx"/>
        <method signature="T07_Dotx.t7_3_CheckDotx()[pri:0, instance:SmokeTestCase.T07_Dotx@4dbb42b7]" name="t7_3_CheckDotx" class="SmokeTestCase.T07_Dotx"/>
        <method signature="T07_Dotx.t7_4_CopyDotx()[pri:0, instance:SmokeTestCase.T07_Dotx@4dbb42b7]" name="t7_4_CopyDotx" class="SmokeTestCase.T07_Dotx"/>
        <method signature="T07_Dotx.t7_5_DownloadingDotx()[pri:0, instance:SmokeTestCase.T07_Dotx@4dbb42b7]" name="t7_5_DownloadingDotx" class="SmokeTestCase.T07_Dotx"/>
        <method signature="T08_Docz.t8_1_CreateDocz()[pri:0, instance:SmokeTestCase.T08_Docz@66f57048]" name="t8_1_CreateDocz" class="SmokeTestCase.T08_Docz"/>
        <method signature="T08_Docz.t8_2_DownloadingDocz()[pri:0, instance:SmokeTestCase.T08_Docz@66f57048]" name="t8_2_DownloadingDocz" class="SmokeTestCase.T08_Docz"/>
        <method signature="T09_Publish.t9_1_UserPublish()[pri:0, instance:SmokeTestCase.T09_Publish@550dbc7a]" name="t9_1_UserPublish" class="SmokeTestCase.T09_Publish"/>
        <method signature="T09_Publish.t9_2_GroupPublish()[pri:0, instance:SmokeTestCase.T09_Publish@550dbc7a]" name="t9_2_GroupPublish" class="SmokeTestCase.T09_Publish"/>
        <method signature="T09_Publish.t9_2_folderPublish()[pri:0, instance:SmokeTestCase.T09_Publish@550dbc7a]" name="t9_2_folderPublish" class="SmokeTestCase.T09_Publish"/>
        <method signature="T10_Share.t10_1_ReaderUserShare()[pri:0, instance:SmokeTestCase.T10_Share@21282ed8]" name="t10_1_ReaderUserShare" class="SmokeTestCase.T10_Share"/>
        <method signature="T10_Share.t10_2_ReaderGroupShare()[pri:0, instance:SmokeTestCase.T10_Share@21282ed8]" name="t10_2_ReaderGroupShare" class="SmokeTestCase.T10_Share"/>
        <method signature="T10_Share.t10_3_CommentUserShare()[pri:0, instance:SmokeTestCase.T10_Share@21282ed8]" name="t10_3_CommentUserShare" class="SmokeTestCase.T10_Share"/>
        <method signature="T10_Share.t10_4_EditorUserShare()[pri:0, instance:SmokeTestCase.T10_Share@21282ed8]" name="t10_4_EditorUserShare" class="SmokeTestCase.T10_Share"/>
        <method signature="T10_Share.t10_5_addDeleteUserShare()[pri:0, instance:SmokeTestCase.T10_Share@21282ed8]" name="t10_5_addDeleteUserShare" class="SmokeTestCase.T10_Share"/>
        <method signature="T11_Check_Publish.t11_0_UserAuthorization()[pri:0, instance:SmokeTestCase.T11_Check_Publish@36916eb0]" name="t11_0_UserAuthorization" class="SmokeTestCase.T11_Check_Publish"/>
        <method signature="T11_Check_Publish.t11_1_Check_Publish_User()[pri:0, instance:SmokeTestCase.T11_Check_Publish@36916eb0]" name="t11_1_Check_Publish_User" class="SmokeTestCase.T11_Check_Publish"/>
        <method signature="T11_Check_Publish.t11_2_Check_Publish_Group()[pri:0, instance:SmokeTestCase.T11_Check_Publish@36916eb0]" name="t11_2_Check_Publish_Group" class="SmokeTestCase.T11_Check_Publish"/>
        <method signature="T11_Check_Publish.t11_3_Check_Publish_Folder()[pri:0, instance:SmokeTestCase.T11_Check_Publish@36916eb0]" name="t11_3_Check_Publish_Folder" class="SmokeTestCase.T11_Check_Publish"/>
        <method signature="T12_Check_Sharing.t12_1_Check_Reader_User()[pri:0, instance:SmokeTestCase.T12_Check_Sharing@7bab3f1a]" name="t12_1_Check_Reader_User" class="SmokeTestCase.T12_Check_Sharing"/>
        <method signature="T12_Check_Sharing.t12_2_Check_Reader_Group()[pri:0, instance:SmokeTestCase.T12_Check_Sharing@7bab3f1a]" name="t12_2_Check_Reader_Group" class="SmokeTestCase.T12_Check_Sharing"/>
        <method signature="T12_Check_Sharing.t12_3_Check_Comment_User()[pri:0, instance:SmokeTestCase.T12_Check_Sharing@7bab3f1a]" name="t12_3_Check_Comment_User" class="SmokeTestCase.T12_Check_Sharing"/>
        <method signature="T12_Check_Sharing.t12_4_Check_Editor_User()[pri:0, instance:SmokeTestCase.T12_Check_Sharing@7bab3f1a]" name="t12_4_Check_Editor_User" class="SmokeTestCase.T12_Check_Sharing"/>
        <method signature="T12_Check_Sharing.t12_5_Check_Delete_Sharing()[pri:0, instance:SmokeTestCase.T12_Check_Sharing@7bab3f1a]" name="t12_5_Check_Delete_Sharing" class="SmokeTestCase.T12_Check_Sharing"/>
        <method signature="T13_Formuls.T13_1_Formuls_String()[pri:0, instance:SmokeTestCase.T13_Formuls@437da279]" name="T13_1_Formuls_String" class="SmokeTestCase.T13_Formuls"/>
        <method signature="T13_Formuls.T13_2_Formuls_Replicator()[pri:0, instance:SmokeTestCase.T13_Formuls@437da279]" name="T13_2_Formuls_Replicator" class="SmokeTestCase.T13_Formuls"/>
        <method signature="T13_Formuls.T13_3_Formuls_Date()[pri:0, instance:SmokeTestCase.T13_Formuls@437da279]" name="T13_3_Formuls_Date" class="SmokeTestCase.T13_Formuls"/>
      </group> <!-- smoke -->
      <group name="speed">
        <method signature="T01_Authorization_Availability.t1_1_Url_Availability()[pri:0, instance:SmokeTestCase.T01_Authorization_Availability@4803b726]" name="t1_1_Url_Availability" class="SmokeTestCase.T01_Authorization_Availability"/>
        <method signature="T02_Authorization.t2_4_Correct_Credentials()[pri:0, instance:SmokeTestCase.T02_Authorization@1de5f259]" name="t2_4_Correct_Credentials" class="SmokeTestCase.T02_Authorization"/>
        <method signature="T05_Folders.t5_1_CreateRenameFolders()[pri:0, instance:SmokeTestCase.T05_Folders@32502377]" name="t5_1_CreateRenameFolders" class="SmokeTestCase.T05_Folders"/>
        <method signature="T05_Folders.t5_2_RenameFolders()[pri:0, instance:SmokeTestCase.T05_Folders@32502377]" name="t5_2_RenameFolders" class="SmokeTestCase.T05_Folders"/>
        <method signature="T05_Folders.t5_3_MoveFolder()[pri:0, instance:SmokeTestCase.T05_Folders@32502377]" name="t5_3_MoveFolder" class="SmokeTestCase.T05_Folders"/>
        <method signature="T05_Folders.t5_4_RenameNull()[pri:0, instance:SmokeTestCase.T05_Folders@32502377]" name="t5_4_RenameNull" class="SmokeTestCase.T05_Folders"/>
        <method signature="T05_Folders.t5_5_RemoveFolder()[pri:0, instance:SmokeTestCase.T05_Folders@32502377]" name="t5_5_RemoveFolder" class="SmokeTestCase.T05_Folders"/>
        <method signature="T11_Check_Publish.t11_0_UserAuthorization()[pri:0, instance:SmokeTestCase.T11_Check_Publish@36916eb0]" name="t11_0_UserAuthorization" class="SmokeTestCase.T11_Check_Publish"/>
      </group> <!-- speed -->
    </groups>
    <test started-at="2025-02-17T10:42:18 CET" name="Smoke Group" finished-at="2025-02-17T10:45:42 CET" duration-ms="203673">
      <class name="SmokeTestCase.T12_Check_Sharing">
        <test-method is-config="true" signature="setUp()[pri:0, instance:SmokeTestCase.T12_Check_Sharing@7bab3f1a]" started-at="2025-02-17T10:42:18 CET" name="setUp" finished-at="2025-02-17T10:42:18 CET" duration-ms="0" status="PASS">
          <reporter-output>
          </reporter-output>
        </test-method> <!-- setUp -->
        <test-method signature="t12_1_Check_Reader_User()[pri:0, instance:SmokeTestCase.T12_Check_Sharing@7bab3f1a]" started-at="2025-02-17T10:45:14 CET" name="t12_1_Check_Reader_User" finished-at="2025-02-17T10:45:18 CET" duration-ms="4010" status="PASS">
          <reporter-output>
          </reporter-output>
        </test-method> <!-- t12_1_Check_Reader_User -->
        <test-method signature="t12_2_Check_Reader_Group()[pri:0, instance:SmokeTestCase.T12_Check_Sharing@7bab3f1a]" started-at="2025-02-17T10:45:18 CET" name="t12_2_Check_Reader_Group" finished-at="2025-02-17T10:45:22 CET" duration-ms="3448" status="PASS">
          <reporter-output>
          </reporter-output>
        </test-method> <!-- t12_2_Check_Reader_Group -->
        <test-method signature="t12_3_Check_Comment_User()[pri:0, instance:SmokeTestCase.T12_Check_Sharing@7bab3f1a]" started-at="2025-02-17T10:45:22 CET" name="t12_3_Check_Comment_User" finished-at="2025-02-17T10:45:25 CET" duration-ms="3431" status="PASS">
          <reporter-output>
          </reporter-output>
        </test-method> <!-- t12_3_Check_Comment_User -->
        <test-method signature="t12_4_Check_Editor_User()[pri:0, instance:SmokeTestCase.T12_Check_Sharing@7bab3f1a]" started-at="2025-02-17T10:45:25 CET" name="t12_4_Check_Editor_User" finished-at="2025-02-17T10:45:29 CET" duration-ms="3434" status="PASS">
          <reporter-output>
          </reporter-output>
        </test-method> <!-- t12_4_Check_Editor_User -->
        <test-method signature="t12_5_Check_Delete_Sharing()[pri:0, instance:SmokeTestCase.T12_Check_Sharing@7bab3f1a]" started-at="2025-02-17T10:45:29 CET" name="t12_5_Check_Delete_Sharing" finished-at="2025-02-17T10:45:29 CET" duration-ms="203" status="PASS">
          <reporter-output>
          </reporter-output>
        </test-method> <!-- t12_5_Check_Delete_Sharing -->
      </class> <!-- SmokeTestCase.T12_Check_Sharing -->
      <class name="SmokeTestCase.T13_Formuls">
        <test-method is-config="true" signature="setUp()[pri:0, instance:SmokeTestCase.T13_Formuls@437da279]" started-at="2025-02-17T10:42:18 CET" name="setUp" finished-at="2025-02-17T10:42:18 CET" duration-ms="0" status="PASS">
          <reporter-output>
          </reporter-output>
        </test-method> <!-- setUp -->
        <test-method signature="T13_1_Formuls_String()[pri:0, instance:SmokeTestCase.T13_Formuls@437da279]" started-at="2025-02-17T10:45:29 CET" name="T13_1_Formuls_String" finished-at="2025-02-17T10:45:32 CET" duration-ms="3394" status="PASS">
          <reporter-output>
          </reporter-output>
        </test-method> <!-- T13_1_Formuls_String -->
        <test-method signature="T13_2_Formuls_Replicator()[pri:0, instance:SmokeTestCase.T13_Formuls@437da279]" started-at="2025-02-17T10:45:32 CET" name="T13_2_Formuls_Replicator" finished-at="2025-02-17T10:45:39 CET" duration-ms="6287" status="PASS">
          <reporter-output>
          </reporter-output>
        </test-method> <!-- T13_2_Formuls_Replicator -->
        <test-method signature="T13_3_Formuls_Date()[pri:0, instance:SmokeTestCase.T13_Formuls@437da279]" started-at="2025-02-17T10:45:39 CET" name="T13_3_Formuls_Date" finished-at="2025-02-17T10:45:42 CET" duration-ms="3566" status="PASS">
          <reporter-output>
          </reporter-output>
        </test-method> <!-- T13_3_Formuls_Date -->
      </class> <!-- SmokeTestCase.T13_Formuls -->
      <class name="SmokeTestCase.T01_Authorization_Availability">
        <test-method is-config="true" signature="setUp()[pri:0, instance:SmokeTestCase.T01_Authorization_Availability@4803b726]" started-at="2025-02-17T10:42:16 CET" name="setUp" finished-at="2025-02-17T10:42:17 CET" duration-ms="1303" status="PASS">
          <reporter-output>
          </reporter-output>
        </test-method> <!-- setUp -->
        <test-method signature="t1_1_Url_Availability()[pri:0, instance:SmokeTestCase.T01_Authorization_Availability@4803b726]" started-at="2025-02-17T10:42:18 CET" name="t1_1_Url_Availability" finished-at="2025-02-17T10:42:21 CET" duration-ms="2846" status="PASS">
          <reporter-output>
          </reporter-output>
        </test-method> <!-- t1_1_Url_Availability -->
        <test-method signature="t1_2_Url_Refresh()[pri:0, instance:SmokeTestCase.T01_Authorization_Availability@4803b726]" started-at="2025-02-17T10:42:21 CET" name="t1_2_Url_Refresh" finished-at="2025-02-17T10:42:23 CET" duration-ms="1460" status="PASS">
          <reporter-output>
          </reporter-output>
        </test-method> <!-- t1_2_Url_Refresh -->
      </class> <!-- SmokeTestCase.T01_Authorization_Availability -->
      <class name="SmokeTestCase.T03_Generator">
        <test-method is-config="true" signature="setUp()[pri:0, instance:SmokeTestCase.T03_Generator@31fa1761]" started-at="2025-02-17T10:42:17 CET" name="setUp" finished-at="2025-02-17T10:42:17 CET" duration-ms="0" status="PASS">
          <reporter-output>
          </reporter-output>
        </test-method> <!-- setUp -->
        <test-method signature="t3_1_Generation_Schem()[pri:0, instance:SmokeTestCase.T03_Generator@31fa1761]" started-at="2025-02-17T10:42:29 CET" name="t3_1_Generation_Schem" finished-at="2025-02-17T10:42:35 CET" duration-ms="5946" status="PASS">
          <reporter-output>
          </reporter-output>
        </test-method> <!-- t3_1_Generation_Schem -->
      </class> <!-- SmokeTestCase.T03_Generator -->
      <class name="SmokeTestCase.T09_Publish">
        <test-method is-config="true" signature="setUp()[pri:0, instance:SmokeTestCase.T09_Publish@550dbc7a]" started-at="2025-02-17T10:42:17 CET" name="setUp" finished-at="2025-02-17T10:42:17 CET" duration-ms="1" status="PASS">
          <reporter-output>
          </reporter-output>
        </test-method> <!-- setUp -->
        <test-method signature="t9_1_UserPublish()[pri:0, instance:SmokeTestCase.T09_Publish@550dbc7a]" started-at="2025-02-17T10:44:24 CET" name="t9_1_UserPublish" finished-at="2025-02-17T10:44:28 CET" duration-ms="4375" status="PASS">
          <reporter-output>
          </reporter-output>
        </test-method> <!-- t9_1_UserPublish -->
        <test-method signature="t9_2_GroupPublish()[pri:0, instance:SmokeTestCase.T09_Publish@550dbc7a]" started-at="2025-02-17T10:44:28 CET" name="t9_2_GroupPublish" finished-at="2025-02-17T10:44:30 CET" duration-ms="1740" status="PASS">
          <reporter-output>
          </reporter-output>
        </test-method> <!-- t9_2_GroupPublish -->
        <test-method signature="t9_2_folderPublish()[pri:0, instance:SmokeTestCase.T09_Publish@550dbc7a]" started-at="2025-02-17T10:44:30 CET" name="t9_2_folderPublish" finished-at="2025-02-17T10:44:34 CET" duration-ms="3895" status="PASS">
          <reporter-output>
          </reporter-output>
        </test-method> <!-- t9_2_folderPublish -->
      </class> <!-- SmokeTestCase.T09_Publish -->
      <class name="SmokeTestCase.T06_Docx">
        <test-method is-config="true" signature="setUp()[pri:0, instance:SmokeTestCase.T06_Docx@2c1b194a]" started-at="2025-02-17T10:42:17 CET" name="setUp" finished-at="2025-02-17T10:42:17 CET" duration-ms="0" status="PASS">
          <reporter-output>
          </reporter-output>
        </test-method> <!-- setUp -->
        <test-method signature="t6_1_CreateDocx()[pri:0, instance:SmokeTestCase.T06_Docx@2c1b194a]" started-at="2025-02-17T10:43:42 CET" name="t6_1_CreateDocx" finished-at="2025-02-17T10:43:44 CET" duration-ms="1426" status="PASS">
          <reporter-output>
          </reporter-output>
        </test-method> <!-- t6_1_CreateDocx -->
        <test-method signature="t6_2_DownloadingDocx()[pri:0, instance:SmokeTestCase.T06_Docx@2c1b194a]" started-at="2025-02-17T10:43:44 CET" name="t6_2_DownloadingDocx" finished-at="2025-02-17T10:43:46 CET" duration-ms="1811" status="PASS">
          <reporter-output>
          </reporter-output>
        </test-method> <!-- t6_2_DownloadingDocx -->
        <test-method signature="t6_3_CheckDocx()[pri:0, instance:SmokeTestCase.T06_Docx@2c1b194a]" started-at="2025-02-17T10:43:46 CET" name="t6_3_CheckDocx" finished-at="2025-02-17T10:43:49 CET" duration-ms="2816" status="PASS">
          <reporter-output>
          </reporter-output>
        </test-method> <!-- t6_3_CheckDocx -->
      </class> <!-- SmokeTestCase.T06_Docx -->
      <class name="SmokeTestCase.T04_menu_Work_Area">
        <test-method is-config="true" signature="setUp()[pri:0, instance:SmokeTestCase.T04_menu_Work_Area@957e06]" started-at="2025-02-17T10:42:17 CET" name="setUp" finished-at="2025-02-17T10:42:17 CET" duration-ms="0" status="PASS">
          <reporter-output>
          </reporter-output>
        </test-method> <!-- setUp -->
        <test-method signature="t4_1_Sidebar_Tabs()[pri:0, instance:SmokeTestCase.T04_menu_Work_Area@957e06]" started-at="2025-02-17T10:42:35 CET" name="t4_1_Sidebar_Tabs" finished-at="2025-02-17T10:42:37 CET" duration-ms="2518" status="PASS">
          <reporter-output>
          </reporter-output>
        </test-method> <!-- t4_1_Sidebar_Tabs -->
        <test-method signature="t4_4_Header_buttons()[pri:0, instance:SmokeTestCase.T04_menu_Work_Area@957e06]" started-at="2025-02-17T10:42:37 CET" name="t4_4_Header_buttons" finished-at="2025-02-17T10:43:23 CET" duration-ms="46391" status="PASS">
          <reporter-output>
          </reporter-output>
        </test-method> <!-- t4_4_Header_buttons -->
        <test-method signature="t4_5_Help_button()[pri:0, instance:SmokeTestCase.T04_menu_Work_Area@957e06]" started-at="2025-02-17T10:43:23 CET" name="t4_5_Help_button" finished-at="2025-02-17T10:43:32 CET" duration-ms="8963" status="PASS">
          <reporter-output>
          </reporter-output>
        </test-method> <!-- t4_5_Help_button -->
      </class> <!-- SmokeTestCase.T04_menu_Work_Area -->
      <class name="SmokeTestCase.T11_Check_Publish">
        <test-method is-config="true" signature="setUp()[pri:0, instance:SmokeTestCase.T11_Check_Publish@36916eb0]" started-at="2025-02-17T10:42:17 CET" name="setUp" finished-at="2025-02-17T10:42:18 CET" duration-ms="960" status="PASS">
          <reporter-output>
          </reporter-output>
        </test-method> <!-- setUp -->
        <test-method signature="t11_0_UserAuthorization()[pri:0, instance:SmokeTestCase.T11_Check_Publish@36916eb0]" started-at="2025-02-17T10:44:46 CET" name="t11_0_UserAuthorization" finished-at="2025-02-17T10:44:52 CET" duration-ms="5933" status="PASS">
          <reporter-output>
          </reporter-output>
        </test-method> <!-- t11_0_UserAuthorization -->
        <test-method signature="t11_1_Check_Publish_User()[pri:0, instance:SmokeTestCase.T11_Check_Publish@36916eb0]" started-at="2025-02-17T10:44:52 CET" name="t11_1_Check_Publish_User" finished-at="2025-02-17T10:44:59 CET" duration-ms="7106" status="PASS">
          <reporter-output>
          </reporter-output>
        </test-method> <!-- t11_1_Check_Publish_User -->
        <test-method signature="t11_2_Check_Publish_Group()[pri:0, instance:SmokeTestCase.T11_Check_Publish@36916eb0]" started-at="2025-02-17T10:44:59 CET" name="t11_2_Check_Publish_Group" finished-at="2025-02-17T10:45:06 CET" duration-ms="7022" status="PASS">
          <reporter-output>
          </reporter-output>
        </test-method> <!-- t11_2_Check_Publish_Group -->
        <test-method signature="t11_3_Check_Publish_Folder()[pri:0, instance:SmokeTestCase.T11_Check_Publish@36916eb0]" started-at="2025-02-17T10:45:06 CET" name="t11_3_Check_Publish_Folder" finished-at="2025-02-17T10:45:14 CET" duration-ms="7991" status="PASS">
          <reporter-output>
          </reporter-output>
        </test-method> <!-- t11_3_Check_Publish_Folder -->
      </class> <!-- SmokeTestCase.T11_Check_Publish -->
      <class name="SmokeTestCase.T07_Dotx">
        <test-method is-config="true" signature="setUp()[pri:0, instance:SmokeTestCase.T07_Dotx@4dbb42b7]" started-at="2025-02-17T10:42:17 CET" name="setUp" finished-at="2025-02-17T10:42:17 CET" duration-ms="0" status="PASS">
          <reporter-output>
          </reporter-output>
        </test-method> <!-- setUp -->
        <test-method signature="t7_1_DownloadingDotx()[pri:0, instance:SmokeTestCase.T07_Dotx@4dbb42b7]" started-at="2025-02-17T10:43:49 CET" name="t7_1_DownloadingDotx" finished-at="2025-02-17T10:43:50 CET" duration-ms="1565" status="PASS">
          <reporter-output>
          </reporter-output>
        </test-method> <!-- t7_1_DownloadingDotx -->
        <test-method signature="t7_2_CreateDotx()[pri:0, instance:SmokeTestCase.T07_Dotx@4dbb42b7]" started-at="2025-02-17T10:43:50 CET" name="t7_2_CreateDotx" finished-at="2025-02-17T10:43:53 CET" duration-ms="2895" status="PASS">
          <reporter-output>
          </reporter-output>
        </test-method> <!-- t7_2_CreateDotx -->
        <test-method signature="t7_3_CheckDotx()[pri:0, instance:SmokeTestCase.T07_Dotx@4dbb42b7]" started-at="2025-02-17T10:43:53 CET" name="t7_3_CheckDotx" finished-at="2025-02-17T10:43:56 CET" duration-ms="2572" status="PASS">
          <reporter-output>
          </reporter-output>
        </test-method> <!-- t7_3_CheckDotx -->
        <test-method signature="t7_4_CopyDotx()[pri:0, instance:SmokeTestCase.T07_Dotx@4dbb42b7]" started-at="2025-02-17T10:43:56 CET" name="t7_4_CopyDotx" finished-at="2025-02-17T10:43:56 CET" duration-ms="924" status="PASS">
          <reporter-output>
          </reporter-output>
        </test-method> <!-- t7_4_CopyDotx -->
        <test-method signature="t7_5_DownloadingDotx()[pri:0, instance:SmokeTestCase.T07_Dotx@4dbb42b7]" started-at="2025-02-17T10:43:56 CET" name="t7_5_DownloadingDotx" finished-at="2025-02-17T10:44:00 CET" duration-ms="3732" status="PASS">
          <reporter-output>
          </reporter-output>
        </test-method> <!-- t7_5_DownloadingDotx -->
      </class> <!-- SmokeTestCase.T07_Dotx -->
      <class name="SmokeTestCase.T02_Authorization">
        <test-method is-config="true" signature="setUp()[pri:0, instance:SmokeTestCase.T02_Authorization@1de5f259]" started-at="2025-02-17T10:42:17 CET" name="setUp" finished-at="2025-02-17T10:42:17 CET" duration-ms="1" status="PASS">
          <reporter-output>
          </reporter-output>
        </test-method> <!-- setUp -->
        <test-method signature="t2_1_Incorrect_Credentials()[pri:0, instance:SmokeTestCase.T02_Authorization@1de5f259]" started-at="2025-02-17T10:42:23 CET" name="t2_1_Incorrect_Credentials" finished-at="2025-02-17T10:42:24 CET" duration-ms="1230" status="PASS">
          <reporter-output>
          </reporter-output>
        </test-method> <!-- t2_1_Incorrect_Credentials -->
        <test-method signature="t2_2_Incorrect_Login()[pri:0, instance:SmokeTestCase.T02_Authorization@1de5f259]" started-at="2025-02-17T10:42:24 CET" name="t2_2_Incorrect_Login" finished-at="2025-02-17T10:42:25 CET" duration-ms="1215" status="PASS">
          <reporter-output>
          </reporter-output>
        </test-method> <!-- t2_2_Incorrect_Login -->
        <test-method signature="t2_3_Incorrect_Password()[pri:0, instance:SmokeTestCase.T02_Authorization@1de5f259]" started-at="2025-02-17T10:42:25 CET" name="t2_3_Incorrect_Password" finished-at="2025-02-17T10:42:26 CET" duration-ms="1219" status="PASS">
          <reporter-output>
          </reporter-output>
        </test-method> <!-- t2_3_Incorrect_Password -->
        <test-method signature="t2_4_Correct_Credentials()[pri:0, instance:SmokeTestCase.T02_Authorization@1de5f259]" started-at="2025-02-17T10:42:26 CET" name="t2_4_Correct_Credentials" finished-at="2025-02-17T10:42:29 CET" duration-ms="2160" status="PASS">
          <reporter-output>
          </reporter-output>
        </test-method> <!-- t2_4_Correct_Credentials -->
      </class> <!-- SmokeTestCase.T02_Authorization -->
      <class name="SmokeTestCase.T08_Docz">
        <test-method is-config="true" signature="setUp()[pri:0, instance:SmokeTestCase.T08_Docz@66f57048]" started-at="2025-02-17T10:42:17 CET" name="setUp" finished-at="2025-02-17T10:42:17 CET" duration-ms="0" status="PASS">
          <reporter-output>
          </reporter-output>
        </test-method> <!-- setUp -->
        <test-method signature="t8_1_CreateDocz()[pri:0, instance:SmokeTestCase.T08_Docz@66f57048]" started-at="2025-02-17T10:44:00 CET" name="t8_1_CreateDocz" finished-at="2025-02-17T10:44:14 CET" duration-ms="13653" status="PASS">
          <reporter-output>
          </reporter-output>
        </test-method> <!-- t8_1_CreateDocz -->
        <test-method signature="t8_2_DownloadingDocz()[pri:0, instance:SmokeTestCase.T08_Docz@66f57048]" started-at="2025-02-17T10:44:14 CET" name="t8_2_DownloadingDocz" finished-at="2025-02-17T10:44:24 CET" duration-ms="9996" status="PASS">
          <reporter-output>
          </reporter-output>
        </test-method> <!-- t8_2_DownloadingDocz -->
      </class> <!-- SmokeTestCase.T08_Docz -->
      <class name="SmokeTestCase.T10_Share">
        <test-method is-config="true" signature="setUp()[pri:0, instance:SmokeTestCase.T10_Share@21282ed8]" started-at="2025-02-17T10:42:17 CET" name="setUp" finished-at="2025-02-17T10:42:17 CET" duration-ms="0" status="PASS">
          <reporter-output>
          </reporter-output>
        </test-method> <!-- setUp -->
        <test-method signature="t10_1_ReaderUserShare()[pri:0, instance:SmokeTestCase.T10_Share@21282ed8]" started-at="2025-02-17T10:44:34 CET" name="t10_1_ReaderUserShare" finished-at="2025-02-17T10:44:36 CET" duration-ms="2114" status="PASS">
          <reporter-output>
          </reporter-output>
        </test-method> <!-- t10_1_ReaderUserShare -->
        <test-method signature="t10_2_ReaderGroupShare()[pri:0, instance:SmokeTestCase.T10_Share@21282ed8]" started-at="2025-02-17T10:44:36 CET" name="t10_2_ReaderGroupShare" finished-at="2025-02-17T10:44:38 CET" duration-ms="2080" status="PASS">
          <reporter-output>
          </reporter-output>
        </test-method> <!-- t10_2_ReaderGroupShare -->
        <test-method signature="t10_3_CommentUserShare()[pri:0, instance:SmokeTestCase.T10_Share@21282ed8]" started-at="2025-02-17T10:44:38 CET" name="t10_3_CommentUserShare" finished-at="2025-02-17T10:44:40 CET" duration-ms="2092" status="PASS">
          <reporter-output>
          </reporter-output>
        </test-method> <!-- t10_3_CommentUserShare -->
        <test-method signature="t10_4_EditorUserShare()[pri:0, instance:SmokeTestCase.T10_Share@21282ed8]" started-at="2025-02-17T10:44:40 CET" name="t10_4_EditorUserShare" finished-at="2025-02-17T10:44:42 CET" duration-ms="2081" status="PASS">
          <reporter-output>
          </reporter-output>
        </test-method> <!-- t10_4_EditorUserShare -->
        <test-method signature="t10_5_addDeleteUserShare()[pri:0, instance:SmokeTestCase.T10_Share@21282ed8]" started-at="2025-02-17T10:44:42 CET" name="t10_5_addDeleteUserShare" finished-at="2025-02-17T10:44:46 CET" duration-ms="4044" status="PASS">
          <reporter-output>
          </reporter-output>
        </test-method> <!-- t10_5_addDeleteUserShare -->
      </class> <!-- SmokeTestCase.T10_Share -->
      <class name="SmokeTestCase.T05_Folders">
        <test-method is-config="true" signature="setUp()[pri:0, instance:SmokeTestCase.T05_Folders@32502377]" started-at="2025-02-17T10:42:17 CET" name="setUp" finished-at="2025-02-17T10:42:17 CET" duration-ms="0" status="PASS">
          <reporter-output>
          </reporter-output>
        </test-method> <!-- setUp -->
        <test-method signature="t5_1_CreateRenameFolders()[pri:0, instance:SmokeTestCase.T05_Folders@32502377]" started-at="2025-02-17T10:43:32 CET" name="t5_1_CreateRenameFolders" finished-at="2025-02-17T10:43:35 CET" duration-ms="2704" status="PASS">
          <reporter-output>
          </reporter-output>
        </test-method> <!-- t5_1_CreateRenameFolders -->
        <test-method signature="t5_2_RenameFolders()[pri:0, instance:SmokeTestCase.T05_Folders@32502377]" started-at="2025-02-17T10:43:35 CET" name="t5_2_RenameFolders" finished-at="2025-02-17T10:43:36 CET" duration-ms="595" status="PASS">
          <reporter-output>
          </reporter-output>
        </test-method> <!-- t5_2_RenameFolders -->
        <test-method signature="t5_3_MoveFolder()[pri:0, instance:SmokeTestCase.T05_Folders@32502377]" started-at="2025-02-17T10:43:36 CET" name="t5_3_MoveFolder" finished-at="2025-02-17T10:43:39 CET" duration-ms="3706" status="PASS">
          <reporter-output>
          </reporter-output>
        </test-method> <!-- t5_3_MoveFolder -->
        <test-method signature="t5_4_RenameNull()[pri:0, instance:SmokeTestCase.T05_Folders@32502377]" started-at="2025-02-17T10:43:39 CET" name="t5_4_RenameNull" finished-at="2025-02-17T10:43:40 CET" duration-ms="802" status="PASS">
          <reporter-output>
          </reporter-output>
        </test-method> <!-- t5_4_RenameNull -->
        <test-method signature="t5_5_RemoveFolder()[pri:0, instance:SmokeTestCase.T05_Folders@32502377]" started-at="2025-02-17T10:43:40 CET" name="t5_5_RemoveFolder" finished-at="2025-02-17T10:43:42 CET" duration-ms="2203" status="PASS">
          <reporter-output>
          </reporter-output>
        </test-method> <!-- t5_5_RemoveFolder -->
      </class> <!-- SmokeTestCase.T05_Folders -->
    </test> <!-- Smoke Group -->
  </suite> <!-- SmokeTest -->
</testng-results>
