<?xml version="1.0" encoding="UTF-8"?>
<testng-results ignored="0" total="4" passed="4" failed="0" skipped="0">
  <reporter-output>
  </reporter-output>
  <suite started-at="2025-02-08T23:36:34 CET" name="SmokeTest" finished-at="2025-02-08T23:36:43 CET" duration-ms="8944">
    <groups>
      <group name="smoke">
        <method signature="T1_Authorization_Availability.t1_1_Url_Availability()[pri:0, instance:SmokeTestCase.T1_Authorization_Availability@543588e6]" name="t1_1_Url_Availability" class="SmokeTestCase.T1_Authorization_Availability"/>
        <method signature="T2_Authorization.t2_4_Correct_Credentials()[pri:0, instance:SmokeTestCase.T2_Authorization@2c35e847]" name="t2_4_Correct_Credentials" class="SmokeTestCase.T2_Authorization"/>
        <method signature="T5_Folders.t5_1_CreateRenameFolders()[pri:0, instance:SmokeTestCase.T5_Folders@58d75e99]" name="t5_1_CreateRenameFolders" class="SmokeTestCase.T5_Folders"/>
        <method signature="T5_Folders.t5_2_RenameFolders()[pri:0, instance:SmokeTestCase.T5_Folders@58d75e99]" name="t5_2_RenameFolders" class="SmokeTestCase.T5_Folders"/>
      </group> <!-- smoke -->
      <group name="speed">
        <method signature="T1_Authorization_Availability.t1_1_Url_Availability()[pri:0, instance:SmokeTestCase.T1_Authorization_Availability@543588e6]" name="t1_1_Url_Availability" class="SmokeTestCase.T1_Authorization_Availability"/>
        <method signature="T2_Authorization.t2_4_Correct_Credentials()[pri:0, instance:SmokeTestCase.T2_Authorization@2c35e847]" name="t2_4_Correct_Credentials" class="SmokeTestCase.T2_Authorization"/>
        <method signature="T5_Folders.t5_1_CreateRenameFolders()[pri:0, instance:SmokeTestCase.T5_Folders@58d75e99]" name="t5_1_CreateRenameFolders" class="SmokeTestCase.T5_Folders"/>
        <method signature="T5_Folders.t5_2_RenameFolders()[pri:0, instance:SmokeTestCase.T5_Folders@58d75e99]" name="t5_2_RenameFolders" class="SmokeTestCase.T5_Folders"/>
      </group> <!-- speed -->
    </groups>
    <test started-at="2025-02-08T23:36:34 CET" name="Smoke Group" finished-at="2025-02-08T23:36:43 CET" duration-ms="8944">
      <class name="SmokeTestCase.T5_Folders">
        <test-method is-config="true" signature="setUp()[pri:0, instance:SmokeTestCase.T5_Folders@58d75e99]" started-at="2025-02-08T23:36:34 CET" name="setUp" finished-at="2025-02-08T23:36:34 CET" duration-ms="0" status="PASS">
          <reporter-output>
          </reporter-output>
        </test-method> <!-- setUp -->
        <test-method signature="t5_1_CreateRenameFolders()[pri:0, instance:SmokeTestCase.T5_Folders@58d75e99]" started-at="2025-02-08T23:36:41 CET" name="t5_1_CreateRenameFolders" finished-at="2025-02-08T23:36:42 CET" duration-ms="1096" status="PASS">
          <reporter-output>
          </reporter-output>
        </test-method> <!-- t5_1_CreateRenameFolders -->
        <test-method signature="t5_2_RenameFolders()[pri:0, instance:SmokeTestCase.T5_Folders@58d75e99]" started-at="2025-02-08T23:36:42 CET" name="t5_2_RenameFolders" finished-at="2025-02-08T23:36:43 CET" duration-ms="670" status="PASS">
          <reporter-output>
          </reporter-output>
        </test-method> <!-- t5_2_RenameFolders -->
      </class> <!-- SmokeTestCase.T5_Folders -->
      <class name="SmokeTestCase.T1_Authorization_Availability">
        <test-method is-config="true" signature="setUp()[pri:0, instance:SmokeTestCase.T1_Authorization_Availability@543588e6]" started-at="2025-02-08T23:36:33 CET" name="setUp" finished-at="2025-02-08T23:36:34 CET" duration-ms="1254" status="PASS">
          <reporter-output>
          </reporter-output>
        </test-method> <!-- setUp -->
        <test-method signature="t1_1_Url_Availability()[pri:0, instance:SmokeTestCase.T1_Authorization_Availability@543588e6]" started-at="2025-02-08T23:36:34 CET" name="t1_1_Url_Availability" finished-at="2025-02-08T23:36:37 CET" duration-ms="3242" status="PASS">
          <reporter-output>
          </reporter-output>
        </test-method> <!-- t1_1_Url_Availability -->
      </class> <!-- SmokeTestCase.T1_Authorization_Availability -->
      <class name="SmokeTestCase.T4_menu_Work_Area">
        <test-method is-config="true" signature="setUp()[pri:0, instance:SmokeTestCase.T4_menu_Work_Area@5ba3f27a]" started-at="2025-02-08T23:36:34 CET" name="setUp" finished-at="2025-02-08T23:36:34 CET" duration-ms="1" status="PASS">
          <reporter-output>
          </reporter-output>
        </test-method> <!-- setUp -->
      </class> <!-- SmokeTestCase.T4_menu_Work_Area -->
      <class name="SmokeTestCase.T2_Authorization">
        <test-method is-config="true" signature="setUp()[pri:0, instance:SmokeTestCase.T2_Authorization@2c35e847]" started-at="2025-02-08T23:36:34 CET" name="setUp" finished-at="2025-02-08T23:36:34 CET" duration-ms="0" status="PASS">
          <reporter-output>
          </reporter-output>
        </test-method> <!-- setUp -->
        <test-method signature="t2_4_Correct_Credentials()[pri:0, instance:SmokeTestCase.T2_Authorization@2c35e847]" started-at="2025-02-08T23:36:37 CET" name="t2_4_Correct_Credentials" finished-at="2025-02-08T23:36:41 CET" duration-ms="3910" status="PASS">
          <reporter-output>
          </reporter-output>
        </test-method> <!-- t2_4_Correct_Credentials -->
      </class> <!-- SmokeTestCase.T2_Authorization -->
    </test> <!-- Smoke Group -->
  </suite> <!-- SmokeTest -->
</testng-results>
