<?xml version="1.0" encoding="UTF-8"?>
<testng-results ignored="0" total="9" passed="9" failed="0" skipped="0">
  <reporter-output>
  </reporter-output>
  <suite started-at="2025-02-04T13:56:35 CET" name="SmokeTest" finished-at="2025-02-04T13:57:02 CET" duration-ms="26528">
    <groups>
      <group name="sharing-drives">
        <method signature="T4_menu_Work_Area.t4_2_Sidebar_Tabs_Sharing_Drives()[pri:0, instance:SmokeTestCase.T4_menu_Work_Area@1da2cb77]" name="t4_2_Sidebar_Tabs_Sharing_Drives" class="SmokeTestCase.T4_menu_Work_Area"/>
      </group> <!-- sharing-drives -->
      <group name="smoke">
        <method signature="T1_Authorization_Availability.t1_1_Url_Availability()[pri:0, instance:SmokeTestCase.T1_Authorization_Availability@169e6180]" name="t1_1_Url_Availability" class="SmokeTestCase.T1_Authorization_Availability"/>
        <method signature="T1_Authorization_Availability.t1_2_Url_Refresh()[pri:0, instance:SmokeTestCase.T1_Authorization_Availability@169e6180]" name="t1_2_Url_Refresh" class="SmokeTestCase.T1_Authorization_Availability"/>
        <method signature="T2_Authorization.t2_1_Incorrect_Credentials()[pri:0, instance:SmokeTestCase.T2_Authorization@3b6ddd1d]" name="t2_1_Incorrect_Credentials" class="SmokeTestCase.T2_Authorization"/>
        <method signature="T2_Authorization.t2_2_Incorrect_Login()[pri:0, instance:SmokeTestCase.T2_Authorization@3b6ddd1d]" name="t2_2_Incorrect_Login" class="SmokeTestCase.T2_Authorization"/>
        <method signature="T2_Authorization.t2_3_Incorrect_Password()[pri:0, instance:SmokeTestCase.T2_Authorization@3b6ddd1d]" name="t2_3_Incorrect_Password" class="SmokeTestCase.T2_Authorization"/>
        <method signature="T2_Authorization.t2_4_Correct_Credentials()[pri:0, instance:SmokeTestCase.T2_Authorization@3b6ddd1d]" name="t2_4_Correct_Credentials" class="SmokeTestCase.T2_Authorization"/>
        <method signature="T3_Generator.t3_1_Generation_Schem()[pri:0, instance:SmokeTestCase.T3_Generator@611889f4]" name="t3_1_Generation_Schem" class="SmokeTestCase.T3_Generator"/>
        <method signature="T4_menu_Work_Area.t4_1_Sidebar_Tabs()[pri:0, instance:SmokeTestCase.T4_menu_Work_Area@1da2cb77]" name="t4_1_Sidebar_Tabs" class="SmokeTestCase.T4_menu_Work_Area"/>
      </group> <!-- smoke -->
      <group name="speed">
        <method signature="T1_Authorization_Availability.t1_1_Url_Availability()[pri:0, instance:SmokeTestCase.T1_Authorization_Availability@169e6180]" name="t1_1_Url_Availability" class="SmokeTestCase.T1_Authorization_Availability"/>
        <method signature="T2_Authorization.t2_4_Correct_Credentials()[pri:0, instance:SmokeTestCase.T2_Authorization@3b6ddd1d]" name="t2_4_Correct_Credentials" class="SmokeTestCase.T2_Authorization"/>
        <method signature="T4_menu_Work_Area.t4_1_Sidebar_Tabs()[pri:0, instance:SmokeTestCase.T4_menu_Work_Area@1da2cb77]" name="t4_1_Sidebar_Tabs" class="SmokeTestCase.T4_menu_Work_Area"/>
      </group> <!-- speed -->
    </groups>
    <test started-at="2025-02-04T13:56:35 CET" name="Smoke Group" finished-at="2025-02-04T13:57:02 CET" duration-ms="26528">
      <class name="SmokeTestCase.T1_Authorization_Availability">
        <test-method is-config="true" signature="setUp()[pri:0, instance:SmokeTestCase.T1_Authorization_Availability@169e6180]" started-at="2025-02-04T13:56:34 CET" name="setUp" finished-at="2025-02-04T13:56:35 CET" duration-ms="1238" status="PASS">
          <reporter-output>
          </reporter-output>
        </test-method> <!-- setUp -->
        <test-method signature="t1_1_Url_Availability()[pri:0, instance:SmokeTestCase.T1_Authorization_Availability@169e6180]" started-at="2025-02-04T13:56:35 CET" name="t1_1_Url_Availability" finished-at="2025-02-04T13:56:38 CET" duration-ms="2946" status="PASS">
          <reporter-output>
          </reporter-output>
        </test-method> <!-- t1_1_Url_Availability -->
        <test-method signature="t1_2_Url_Refresh()[pri:0, instance:SmokeTestCase.T1_Authorization_Availability@169e6180]" started-at="2025-02-04T13:56:38 CET" name="t1_2_Url_Refresh" finished-at="2025-02-04T13:56:41 CET" duration-ms="2412" status="PASS">
          <reporter-output>
          </reporter-output>
        </test-method> <!-- t1_2_Url_Refresh -->
      </class> <!-- SmokeTestCase.T1_Authorization_Availability -->
      <class name="SmokeTestCase.T4_menu_Work_Area">
        <test-method is-config="true" signature="setUp()[pri:0, instance:SmokeTestCase.T4_menu_Work_Area@1da2cb77]" started-at="2025-02-04T13:56:35 CET" name="setUp" finished-at="2025-02-04T13:56:35 CET" duration-ms="1" status="PASS">
          <reporter-output>
          </reporter-output>
        </test-method> <!-- setUp -->
        <test-method signature="t4_1_Sidebar_Tabs()[pri:0, instance:SmokeTestCase.T4_menu_Work_Area@1da2cb77]" started-at="2025-02-04T13:57:01 CET" name="t4_1_Sidebar_Tabs" finished-at="2025-02-04T13:57:02 CET" duration-ms="483" status="PASS">
          <reporter-output>
          </reporter-output>
        </test-method> <!-- t4_1_Sidebar_Tabs -->
        <test-method signature="t4_2_Sidebar_Tabs_Sharing_Drives()[pri:0, instance:SmokeTestCase.T4_menu_Work_Area@1da2cb77]" started-at="2025-02-04T13:57:02 CET" name="t4_2_Sidebar_Tabs_Sharing_Drives" finished-at="2025-02-04T13:57:02 CET" duration-ms="114" status="PASS">
          <reporter-output>
          </reporter-output>
        </test-method> <!-- t4_2_Sidebar_Tabs_Sharing_Drives -->
      </class> <!-- SmokeTestCase.T4_menu_Work_Area -->
      <class name="SmokeTestCase.T2_Authorization">
        <test-method is-config="true" signature="setUp()[pri:0, instance:SmokeTestCase.T2_Authorization@3b6ddd1d]" started-at="2025-02-04T13:56:35 CET" name="setUp" finished-at="2025-02-04T13:56:35 CET" duration-ms="0" status="PASS">
          <reporter-output>
          </reporter-output>
        </test-method> <!-- setUp -->
        <test-method signature="t2_1_Incorrect_Credentials()[pri:0, instance:SmokeTestCase.T2_Authorization@3b6ddd1d]" started-at="2025-02-04T13:56:41 CET" name="t2_1_Incorrect_Credentials" finished-at="2025-02-04T13:56:42 CET" duration-ms="1161" status="PASS">
          <reporter-output>
          </reporter-output>
        </test-method> <!-- t2_1_Incorrect_Credentials -->
        <test-method signature="t2_2_Incorrect_Login()[pri:0, instance:SmokeTestCase.T2_Authorization@3b6ddd1d]" started-at="2025-02-04T13:56:42 CET" name="t2_2_Incorrect_Login" finished-at="2025-02-04T13:56:46 CET" duration-ms="4112" status="PASS">
          <reporter-output>
          </reporter-output>
        </test-method> <!-- t2_2_Incorrect_Login -->
        <test-method signature="t2_3_Incorrect_Password()[pri:0, instance:SmokeTestCase.T2_Authorization@3b6ddd1d]" started-at="2025-02-04T13:56:46 CET" name="t2_3_Incorrect_Password" finished-at="2025-02-04T13:56:51 CET" duration-ms="4702" status="PASS">
          <reporter-output>
          </reporter-output>
        </test-method> <!-- t2_3_Incorrect_Password -->
        <test-method signature="t2_4_Correct_Credentials()[pri:0, instance:SmokeTestCase.T2_Authorization@3b6ddd1d]" started-at="2025-02-04T13:56:51 CET" name="t2_4_Correct_Credentials" finished-at="2025-02-04T13:56:55 CET" duration-ms="3820" status="PASS">
          <reporter-output>
          </reporter-output>
        </test-method> <!-- t2_4_Correct_Credentials -->
      </class> <!-- SmokeTestCase.T2_Authorization -->
      <class name="SmokeTestCase.T3_Generator">
        <test-method is-config="true" signature="setUp()[pri:0, instance:SmokeTestCase.T3_Generator@611889f4]" started-at="2025-02-04T13:56:35 CET" name="setUp" finished-at="2025-02-04T13:56:35 CET" duration-ms="0" status="PASS">
          <reporter-output>
          </reporter-output>
        </test-method> <!-- setUp -->
        <test-method signature="t3_1_Generation_Schem()[pri:0, instance:SmokeTestCase.T3_Generator@611889f4]" started-at="2025-02-04T13:56:55 CET" name="t3_1_Generation_Schem" finished-at="2025-02-04T13:57:01 CET" duration-ms="6748" status="PASS">
          <reporter-output>
          </reporter-output>
        </test-method> <!-- t3_1_Generation_Schem -->
      </class> <!-- SmokeTestCase.T3_Generator -->
    </test> <!-- Smoke Group -->
  </suite> <!-- SmokeTest -->
</testng-results>
