<?xml version="1.0" encoding="UTF-8"?>
<testng-results ignored="0" total="9" passed="9" failed="0" skipped="0">
  <reporter-output>
  </reporter-output>
  <suite started-at="2025-02-10T16:19:34 CET" name="SmokeTest" finished-at="2025-02-10T16:19:53 CET" duration-ms="18241">
    <groups>
      <group name="smoke">
        <method signature="T1_Authorization_Availability.t1_1_Url_Availability()[pri:0, instance:SmokeTestCase.T1_Authorization_Availability@58d75e99]" name="t1_1_Url_Availability" class="SmokeTestCase.T1_Authorization_Availability"/>
        <method signature="T2_Authorization.t2_4_Correct_Credentials()[pri:0, instance:SmokeTestCase.T2_Authorization@4f2b503c]" name="t2_4_Correct_Credentials" class="SmokeTestCase.T2_Authorization"/>
        <method signature="T5_Folders.t5_1_CreateRenameFolders()[pri:0, instance:SmokeTestCase.T5_Folders@1b2abca6]" name="t5_1_CreateRenameFolders" class="SmokeTestCase.T5_Folders"/>
        <method signature="T5_Folders.t5_2_RenameFolders()[pri:0, instance:SmokeTestCase.T5_Folders@1b2abca6]" name="t5_2_RenameFolders" class="SmokeTestCase.T5_Folders"/>
        <method signature="T5_Folders.t5_3_MoveFolder()[pri:0, instance:SmokeTestCase.T5_Folders@1b2abca6]" name="t5_3_MoveFolder" class="SmokeTestCase.T5_Folders"/>
        <method signature="T5_Folders.t5_4_RenameNull()[pri:0, instance:SmokeTestCase.T5_Folders@1b2abca6]" name="t5_4_RenameNull" class="SmokeTestCase.T5_Folders"/>
        <method signature="T5_Folders.t5_5_RemoveFolder()[pri:0, instance:SmokeTestCase.T5_Folders@1b2abca6]" name="t5_5_RemoveFolder" class="SmokeTestCase.T5_Folders"/>
        <method signature="T6_Docx.t6_1_CreateDocx()[pri:0, instance:SmokeTestCase.T6_Docx@6392827e]" name="t6_1_CreateDocx" class="SmokeTestCase.T6_Docx"/>
        <method signature="T6_Docx.t6_3_DownloadDocx()[pri:0, instance:SmokeTestCase.T6_Docx@6392827e]" name="t6_3_DownloadDocx" class="SmokeTestCase.T6_Docx"/>
      </group> <!-- smoke -->
      <group name="speed">
        <method signature="T1_Authorization_Availability.t1_1_Url_Availability()[pri:0, instance:SmokeTestCase.T1_Authorization_Availability@58d75e99]" name="t1_1_Url_Availability" class="SmokeTestCase.T1_Authorization_Availability"/>
        <method signature="T2_Authorization.t2_4_Correct_Credentials()[pri:0, instance:SmokeTestCase.T2_Authorization@4f2b503c]" name="t2_4_Correct_Credentials" class="SmokeTestCase.T2_Authorization"/>
        <method signature="T5_Folders.t5_1_CreateRenameFolders()[pri:0, instance:SmokeTestCase.T5_Folders@1b2abca6]" name="t5_1_CreateRenameFolders" class="SmokeTestCase.T5_Folders"/>
        <method signature="T5_Folders.t5_2_RenameFolders()[pri:0, instance:SmokeTestCase.T5_Folders@1b2abca6]" name="t5_2_RenameFolders" class="SmokeTestCase.T5_Folders"/>
        <method signature="T5_Folders.t5_3_MoveFolder()[pri:0, instance:SmokeTestCase.T5_Folders@1b2abca6]" name="t5_3_MoveFolder" class="SmokeTestCase.T5_Folders"/>
        <method signature="T5_Folders.t5_4_RenameNull()[pri:0, instance:SmokeTestCase.T5_Folders@1b2abca6]" name="t5_4_RenameNull" class="SmokeTestCase.T5_Folders"/>
        <method signature="T5_Folders.t5_5_RemoveFolder()[pri:0, instance:SmokeTestCase.T5_Folders@1b2abca6]" name="t5_5_RemoveFolder" class="SmokeTestCase.T5_Folders"/>
        <method signature="T6_Docx.t6_1_CreateDocx()[pri:0, instance:SmokeTestCase.T6_Docx@6392827e]" name="t6_1_CreateDocx" class="SmokeTestCase.T6_Docx"/>
        <method signature="T6_Docx.t6_3_DownloadDocx()[pri:0, instance:SmokeTestCase.T6_Docx@6392827e]" name="t6_3_DownloadDocx" class="SmokeTestCase.T6_Docx"/>
      </group> <!-- speed -->
    </groups>
    <test started-at="2025-02-10T16:19:34 CET" name="Smoke Group" finished-at="2025-02-10T16:19:53 CET" duration-ms="18241">
      <class name="SmokeTestCase.T5_Folders">
        <test-method is-config="true" signature="setUp()[pri:0, instance:SmokeTestCase.T5_Folders@1b2abca6]" started-at="2025-02-10T16:19:34 CET" name="setUp" finished-at="2025-02-10T16:19:34 CET" duration-ms="0" status="PASS">
          <reporter-output>
          </reporter-output>
        </test-method> <!-- setUp -->
        <test-method signature="t5_1_CreateRenameFolders()[pri:0, instance:SmokeTestCase.T5_Folders@1b2abca6]" started-at="2025-02-10T16:19:40 CET" name="t5_1_CreateRenameFolders" finished-at="2025-02-10T16:19:42 CET" duration-ms="1108" status="PASS">
          <reporter-output>
          </reporter-output>
        </test-method> <!-- t5_1_CreateRenameFolders -->
        <test-method signature="t5_2_RenameFolders()[pri:0, instance:SmokeTestCase.T5_Folders@1b2abca6]" started-at="2025-02-10T16:19:42 CET" name="t5_2_RenameFolders" finished-at="2025-02-10T16:19:42 CET" duration-ms="701" status="PASS">
          <reporter-output>
          </reporter-output>
        </test-method> <!-- t5_2_RenameFolders -->
        <test-method signature="t5_3_MoveFolder()[pri:0, instance:SmokeTestCase.T5_Folders@1b2abca6]" started-at="2025-02-10T16:19:42 CET" name="t5_3_MoveFolder" finished-at="2025-02-10T16:19:46 CET" duration-ms="3290" status="PASS">
          <reporter-output>
          </reporter-output>
        </test-method> <!-- t5_3_MoveFolder -->
        <test-method signature="t5_4_RenameNull()[pri:0, instance:SmokeTestCase.T5_Folders@1b2abca6]" started-at="2025-02-10T16:19:46 CET" name="t5_4_RenameNull" finished-at="2025-02-10T16:19:46 CET" duration-ms="834" status="PASS">
          <reporter-output>
          </reporter-output>
        </test-method> <!-- t5_4_RenameNull -->
        <test-method signature="t5_5_RemoveFolder()[pri:0, instance:SmokeTestCase.T5_Folders@1b2abca6]" started-at="2025-02-10T16:19:46 CET" name="t5_5_RemoveFolder" finished-at="2025-02-10T16:19:49 CET" duration-ms="2074" status="PASS">
          <reporter-output>
          </reporter-output>
        </test-method> <!-- t5_5_RemoveFolder -->
      </class> <!-- SmokeTestCase.T5_Folders -->
      <class name="SmokeTestCase.T6_Docx">
        <test-method is-config="true" signature="setUp()[pri:0, instance:SmokeTestCase.T6_Docx@6392827e]" started-at="2025-02-10T16:19:34 CET" name="setUp" finished-at="2025-02-10T16:19:34 CET" duration-ms="0" status="PASS">
          <reporter-output>
          </reporter-output>
        </test-method> <!-- setUp -->
        <test-method signature="t6_1_CreateDocx()[pri:0, instance:SmokeTestCase.T6_Docx@6392827e]" started-at="2025-02-10T16:19:49 CET" name="t6_1_CreateDocx" finished-at="2025-02-10T16:19:51 CET" duration-ms="2082" status="PASS">
          <reporter-output>
          </reporter-output>
        </test-method> <!-- t6_1_CreateDocx -->
        <test-method signature="t6_3_DownloadDocx()[pri:0, instance:SmokeTestCase.T6_Docx@6392827e]" started-at="2025-02-10T16:19:51 CET" name="t6_3_DownloadDocx" finished-at="2025-02-10T16:19:53 CET" duration-ms="2080" status="PASS">
          <reporter-output>
          </reporter-output>
        </test-method> <!-- t6_3_DownloadDocx -->
      </class> <!-- SmokeTestCase.T6_Docx -->
      <class name="SmokeTestCase.T1_Authorization_Availability">
        <test-method is-config="true" signature="setUp()[pri:0, instance:SmokeTestCase.T1_Authorization_Availability@58d75e99]" started-at="2025-02-10T16:19:33 CET" name="setUp" finished-at="2025-02-10T16:19:34 CET" duration-ms="1287" status="PASS">
          <reporter-output>
          </reporter-output>
        </test-method> <!-- setUp -->
        <test-method signature="t1_1_Url_Availability()[pri:0, instance:SmokeTestCase.T1_Authorization_Availability@58d75e99]" started-at="2025-02-10T16:19:34 CET" name="t1_1_Url_Availability" finished-at="2025-02-10T16:19:38 CET" duration-ms="3881" status="PASS">
          <reporter-output>
          </reporter-output>
        </test-method> <!-- t1_1_Url_Availability -->
      </class> <!-- SmokeTestCase.T1_Authorization_Availability -->
      <class name="SmokeTestCase.T4_menu_Work_Area">
        <test-method is-config="true" signature="setUp()[pri:0, instance:SmokeTestCase.T4_menu_Work_Area@e15b7e8]" started-at="2025-02-10T16:19:34 CET" name="setUp" finished-at="2025-02-10T16:19:34 CET" duration-ms="0" status="PASS">
          <reporter-output>
          </reporter-output>
        </test-method> <!-- setUp -->
      </class> <!-- SmokeTestCase.T4_menu_Work_Area -->
      <class name="SmokeTestCase.T2_Authorization">
        <test-method is-config="true" signature="setUp()[pri:0, instance:SmokeTestCase.T2_Authorization@4f2b503c]" started-at="2025-02-10T16:19:34 CET" name="setUp" finished-at="2025-02-10T16:19:34 CET" duration-ms="0" status="PASS">
          <reporter-output>
          </reporter-output>
        </test-method> <!-- setUp -->
        <test-method signature="t2_4_Correct_Credentials()[pri:0, instance:SmokeTestCase.T2_Authorization@4f2b503c]" started-at="2025-02-10T16:19:38 CET" name="t2_4_Correct_Credentials" finished-at="2025-02-10T16:19:40 CET" duration-ms="2155" status="PASS">
          <reporter-output>
          </reporter-output>
        </test-method> <!-- t2_4_Correct_Credentials -->
      </class> <!-- SmokeTestCase.T2_Authorization -->
    </test> <!-- Smoke Group -->
  </suite> <!-- SmokeTest -->
</testng-results>
