<?xml version="1.0" encoding="UTF-8"?>
<testng-results ignored="0" total="2" passed="2" failed="0" skipped="0">
  <reporter-output>
  </reporter-output>
  <suite started-at="2025-02-03T22:09:00 CET" name="SmokeTest" finished-at="2025-02-03T22:09:06 CET" duration-ms="6369">
    <groups>
      <group name="smoke">
        <method signature="T1_Authorization_Availability.t1_1_Url_Availability()[pri:0, instance:SmokeTestCase.T1_Authorization_Availability@4229bb3f]" name="t1_1_Url_Availability" class="SmokeTestCase.T1_Authorization_Availability"/>
        <method signature="T2_Authorization.t2_4_Correct_Credentials()[pri:0, instance:SmokeTestCase.T2_Authorization@35aea049]" name="t2_4_Correct_Credentials" class="SmokeTestCase.T2_Authorization"/>
      </group> <!-- smoke -->
      <group name="speed">
        <method signature="T1_Authorization_Availability.t1_1_Url_Availability()[pri:0, instance:SmokeTestCase.T1_Authorization_Availability@4229bb3f]" name="t1_1_Url_Availability" class="SmokeTestCase.T1_Authorization_Availability"/>
        <method signature="T2_Authorization.t2_4_Correct_Credentials()[pri:0, instance:SmokeTestCase.T2_Authorization@35aea049]" name="t2_4_Correct_Credentials" class="SmokeTestCase.T2_Authorization"/>
      </group> <!-- speed -->
    </groups>
    <test started-at="2025-02-03T22:09:00 CET" name="Smoke Group" finished-at="2025-02-03T22:09:06 CET" duration-ms="6369">
      <class name="SmokeTestCase.T1_Authorization_Availability">
        <test-method is-config="true" signature="setUp()[pri:0, instance:SmokeTestCase.T1_Authorization_Availability@4229bb3f]" started-at="2025-02-03T22:08:58 CET" name="setUp" finished-at="2025-02-03T22:09:00 CET" duration-ms="1254" status="PASS">
          <reporter-output>
          </reporter-output>
        </test-method> <!-- setUp -->
        <test-method signature="t1_1_Url_Availability()[pri:0, instance:SmokeTestCase.T1_Authorization_Availability@4229bb3f]" started-at="2025-02-03T22:09:00 CET" name="t1_1_Url_Availability" finished-at="2025-02-03T22:09:02 CET" duration-ms="2803" status="PASS">
          <reporter-output>
          </reporter-output>
        </test-method> <!-- t1_1_Url_Availability -->
      </class> <!-- SmokeTestCase.T1_Authorization_Availability -->
      <class name="SmokeTestCase.T2_Authorization">
        <test-method is-config="true" signature="setUp()[pri:0, instance:SmokeTestCase.T2_Authorization@35aea049]" started-at="2025-02-03T22:09:00 CET" name="setUp" finished-at="2025-02-03T22:09:00 CET" duration-ms="0" status="PASS">
          <reporter-output>
          </reporter-output>
        </test-method> <!-- setUp -->
        <test-method signature="t2_4_Correct_Credentials()[pri:0, instance:SmokeTestCase.T2_Authorization@35aea049]" started-at="2025-02-03T22:09:02 CET" name="t2_4_Correct_Credentials" finished-at="2025-02-03T22:09:06 CET" duration-ms="3546" status="PASS">
          <reporter-output>
          </reporter-output>
        </test-method> <!-- t2_4_Correct_Credentials -->
      </class> <!-- SmokeTestCase.T2_Authorization -->
    </test> <!-- Smoke Group -->
  </suite> <!-- SmokeTest -->
</testng-results>
