<?xml version="1.0" encoding="UTF-8"?>
<testng-results ignored="0" total="5" passed="5" failed="0" skipped="0">
  <reporter-output>
  </reporter-output>
  <suite started-at="2025-02-16T20:29:40 CET" name="SmokeTest" finished-at="2025-02-16T20:30:01 CET" duration-ms="20583">
    <groups>
      <group name="smoke">
        <method signature="T01_Authorization_Availability.t1_1_Url_Availability()[pri:0, instance:SmokeTestCase.T01_Authorization_Availability@4803b726]" name="t1_1_Url_Availability" class="SmokeTestCase.T01_Authorization_Availability"/>
        <method signature="T02_Authorization.t2_4_Correct_Credentials()[pri:0, instance:SmokeTestCase.T02_Authorization@1de5f259]" name="t2_4_Correct_Credentials" class="SmokeTestCase.T02_Authorization"/>
        <method signature="T13_Formuls.T13_1_Formuls_String()[pri:0, instance:SmokeTestCase.T13_Formuls@437da279]" name="T13_1_Formuls_String" class="SmokeTestCase.T13_Formuls"/>
        <method signature="T13_Formuls.T13_2_Formuls_Replicator()[pri:0, instance:SmokeTestCase.T13_Formuls@437da279]" name="T13_2_Formuls_Replicator" class="SmokeTestCase.T13_Formuls"/>
        <method signature="T13_Formuls.T13_3_Formuls_Date()[pri:0, instance:SmokeTestCase.T13_Formuls@437da279]" name="T13_3_Formuls_Date" class="SmokeTestCase.T13_Formuls"/>
      </group> <!-- smoke -->
      <group name="speed4">
        <method signature="T01_Authorization_Availability.t1_1_Url_Availability()[pri:0, instance:SmokeTestCase.T01_Authorization_Availability@4803b726]" name="t1_1_Url_Availability" class="SmokeTestCase.T01_Authorization_Availability"/>
        <method signature="T02_Authorization.t2_4_Correct_Credentials()[pri:0, instance:SmokeTestCase.T02_Authorization@1de5f259]" name="t2_4_Correct_Credentials" class="SmokeTestCase.T02_Authorization"/>
        <method signature="T13_Formuls.T13_1_Formuls_String()[pri:0, instance:SmokeTestCase.T13_Formuls@437da279]" name="T13_1_Formuls_String" class="SmokeTestCase.T13_Formuls"/>
        <method signature="T13_Formuls.T13_2_Formuls_Replicator()[pri:0, instance:SmokeTestCase.T13_Formuls@437da279]" name="T13_2_Formuls_Replicator" class="SmokeTestCase.T13_Formuls"/>
        <method signature="T13_Formuls.T13_3_Formuls_Date()[pri:0, instance:SmokeTestCase.T13_Formuls@437da279]" name="T13_3_Formuls_Date" class="SmokeTestCase.T13_Formuls"/>
      </group> <!-- speed4 -->
    </groups>
    <test started-at="2025-02-16T20:29:40 CET" name="Smoke Group" finished-at="2025-02-16T20:30:01 CET" duration-ms="20583">
      <class name="SmokeTestCase.T02_Authorization">
        <test-method is-config="true" signature="setUp()[pri:0, instance:SmokeTestCase.T02_Authorization@1de5f259]" started-at="2025-02-16T20:29:40 CET" name="setUp" finished-at="2025-02-16T20:29:40 CET" duration-ms="0" status="PASS">
          <reporter-output>
          </reporter-output>
        </test-method> <!-- setUp -->
        <test-method signature="t2_4_Correct_Credentials()[pri:0, instance:SmokeTestCase.T02_Authorization@1de5f259]" started-at="2025-02-16T20:29:43 CET" name="t2_4_Correct_Credentials" finished-at="2025-02-16T20:29:46 CET" duration-ms="2158" status="PASS">
          <reporter-output>
          </reporter-output>
        </test-method> <!-- t2_4_Correct_Credentials -->
      </class> <!-- SmokeTestCase.T02_Authorization -->
      <class name="SmokeTestCase.T13_Formuls">
        <test-method is-config="true" signature="setUp()[pri:0, instance:SmokeTestCase.T13_Formuls@437da279]" started-at="2025-02-16T20:29:40 CET" name="setUp" finished-at="2025-02-16T20:29:40 CET" duration-ms="0" status="PASS">
          <reporter-output>
          </reporter-output>
        </test-method> <!-- setUp -->
        <test-method signature="T13_1_Formuls_String()[pri:0, instance:SmokeTestCase.T13_Formuls@437da279]" started-at="2025-02-16T20:29:46 CET" name="T13_1_Formuls_String" finished-at="2025-02-16T20:29:49 CET" duration-ms="3745" status="PASS">
          <reporter-output>
          </reporter-output>
        </test-method> <!-- T13_1_Formuls_String -->
        <test-method signature="T13_2_Formuls_Replicator()[pri:0, instance:SmokeTestCase.T13_Formuls@437da279]" started-at="2025-02-16T20:29:49 CET" name="T13_2_Formuls_Replicator" finished-at="2025-02-16T20:29:56 CET" duration-ms="6582" status="PASS">
          <reporter-output>
          </reporter-output>
        </test-method> <!-- T13_2_Formuls_Replicator -->
        <test-method signature="T13_3_Formuls_Date()[pri:0, instance:SmokeTestCase.T13_Formuls@437da279]" started-at="2025-02-16T20:29:56 CET" name="T13_3_Formuls_Date" finished-at="2025-02-16T20:30:01 CET" duration-ms="4792" status="PASS">
          <reporter-output>
          </reporter-output>
        </test-method> <!-- T13_3_Formuls_Date -->
      </class> <!-- SmokeTestCase.T13_Formuls -->
      <class name="SmokeTestCase.T01_Authorization_Availability">
        <test-method is-config="true" signature="setUp()[pri:0, instance:SmokeTestCase.T01_Authorization_Availability@4803b726]" started-at="2025-02-16T20:29:39 CET" name="setUp" finished-at="2025-02-16T20:29:40 CET" duration-ms="1286" status="PASS">
          <reporter-output>
          </reporter-output>
        </test-method> <!-- setUp -->
        <test-method signature="t1_1_Url_Availability()[pri:0, instance:SmokeTestCase.T01_Authorization_Availability@4803b726]" started-at="2025-02-16T20:29:40 CET" name="t1_1_Url_Availability" finished-at="2025-02-16T20:29:43 CET" duration-ms="3282" status="PASS">
          <reporter-output>
          </reporter-output>
        </test-method> <!-- t1_1_Url_Availability -->
      </class> <!-- SmokeTestCase.T01_Authorization_Availability -->
    </test> <!-- Smoke Group -->
  </suite> <!-- SmokeTest -->
</testng-results>
